This is XeTeX, Version 3.141592653-2.6-0.999993 (TeX Live 2021/W32TeX) (preloaded format=xelatex 2021.8.17)  25 AUG 2021 17:09
entering extended mode
 restricted \write18 enabled.
 %&-line parsing enabled.
**EPI563-SpatialEPI-eBook.tex
(./EPI563-SpatialEPI-eBook.tex
LaTeX2e <2021-06-01> patch level 1
L3 programming layer <2021-07-12> (c:/Users/mkram02/AppData/Roaming/TinyTeX/tex
mf-dist/tex/latex/base/book.cls
Document Class: book 2021/02/12 v1.4n Standard LaTeX document class
(c:/Users/mkram02/AppData/Roaming/TinyTeX/texmf-dist/tex/latex/base/bk10.clo
File: bk10.clo 2021/02/12 v1.4n Standard LaTeX file (size option)
)
\c@part=\count178
\c@chapter=\count179
\c@section=\count180
\c@subsection=\count181
\c@subsubsection=\count182
\c@paragraph=\count183
\c@subparagraph=\count184
\c@figure=\count185
\c@table=\count186
\abovecaptionskip=\skip47
\belowcaptionskip=\skip48
\bibindent=\dimen138
)
(c:/Users/mkram02/AppData/Roaming/TinyTeX/texmf-dist/tex/latex/amsmath/amsmath.
sty
Package: amsmath 2021/04/20 v2.17j AMS math features
\@mathmargin=\skip49
For additional information on amsmath, use the `?' option.

(c:/Users/mkram02/AppData/Roaming/TinyTeX/texmf-dist/tex/latex/amsmath/amstext.
sty
Package: amstext 2000/06/29 v2.01 AMS text

(c:/Users/mkram02/AppData/Roaming/TinyTeX/texmf-dist/tex/latex/amsmath/amsgen.s
ty
File: amsgen.sty 1999/11/30 v2.0 generic functions
\@emptytoks=\toks16
\ex@=\dimen139
))
(c:/Users/mkram02/AppData/Roaming/TinyTeX/texmf-dist/tex/latex/amsmath/amsbsy.s
ty
Package: amsbsy 1999/11/29 v1.2d Bold Symbols
\pmbraise@=\dimen140
)
(c:/Users/mkram02/AppData/Roaming/TinyTeX/texmf-dist/tex/latex/amsmath/amsopn.s
ty
Package: amsopn 2016/03/08 v2.02 operator names
)
\inf@bad=\count187
LaTeX Info: Redefining \frac on input line 234.
\uproot@=\count188
\leftroot@=\count189
LaTeX Info: Redefining \overline on input line 399.
\classnum@=\count190
\DOTSCASE@=\count191
LaTeX Info: Redefining \ldots on input line 496.
LaTeX Info: Redefining \dots on input line 499.
LaTeX Info: Redefining \cdots on input line 620.
\Mathstrutbox@=\box50
\strutbox@=\box51
\big@size=\dimen141
LaTeX Font Info:    Redeclaring font encoding OML on input line 743.
LaTeX Font Info:    Redeclaring font encoding OMS on input line 744.
\macc@depth=\count192
\c@MaxMatrixCols=\count193
\dotsspace@=\muskip16
\c@parentequation=\count194
\dspbrk@lvl=\count195
\tag@help=\toks17
\row@=\count196
\column@=\count197
\maxfields@=\count198
\andhelp@=\toks18
\eqnshift@=\dimen142
\alignsep@=\dimen143
\tagshift@=\dimen144
\tagwidth@=\dimen145
\totwidth@=\dimen146
\lineht@=\dimen147
\@envbody=\toks19
\multlinegap=\skip50
\multlinetaggap=\skip51
\mathdisplay@stack=\toks20
LaTeX Info: Redefining \[ on input line 2923.
LaTeX Info: Redefining \] on input line 2924.
)
(c:/Users/mkram02/AppData/Roaming/TinyTeX/texmf-dist/tex/latex/amsfonts/amssymb
.sty
Package: amssymb 2013/01/14 v3.01 AMS font symbols

(c:/Users/mkram02/AppData/Roaming/TinyTeX/texmf-dist/tex/latex/amsfonts/amsfont
s.sty
Package: amsfonts 2013/01/14 v3.01 Basic AMSFonts support
\symAMSa=\mathgroup4
\symAMSb=\mathgroup5
LaTeX Font Info:    Redeclaring math symbol \hbar on input line 98.
LaTeX Font Info:    Overwriting math alphabet `\mathfrak' in version `bold'
(Font)                  U/euf/m/n --> U/euf/b/n on input line 106.
)) (c:/Users/mkram02/AppData/Roaming/TinyTeX/texmf-dist/tex/latex/lm/lmodern.st
y
Package: lmodern 2015/05/01 v1.6.1 Latin Modern Fonts
LaTeX Font Info:    Overwriting symbol font `operators' in version `normal'
(Font)                  OT1/cmr/m/n --> OT1/lmr/m/n on input line 22.
LaTeX Font Info:    Overwriting symbol font `letters' in version `normal'
(Font)                  OML/cmm/m/it --> OML/lmm/m/it on input line 23.
LaTeX Font Info:    Overwriting symbol font `symbols' in version `normal'
(Font)                  OMS/cmsy/m/n --> OMS/lmsy/m/n on input line 24.
LaTeX Font Info:    Overwriting symbol font `largesymbols' in version `normal'
(Font)                  OMX/cmex/m/n --> OMX/lmex/m/n on input line 25.
LaTeX Font Info:    Overwriting symbol font `operators' in version `bold'
(Font)                  OT1/cmr/bx/n --> OT1/lmr/bx/n on input line 26.
LaTeX Font Info:    Overwriting symbol font `letters' in version `bold'
(Font)                  OML/cmm/b/it --> OML/lmm/b/it on input line 27.
LaTeX Font Info:    Overwriting symbol font `symbols' in version `bold'
(Font)                  OMS/cmsy/b/n --> OMS/lmsy/b/n on input line 28.
LaTeX Font Info:    Overwriting symbol font `largesymbols' in version `bold'
(Font)                  OMX/cmex/m/n --> OMX/lmex/m/n on input line 29.
LaTeX Font Info:    Overwriting math alphabet `\mathbf' in version `normal'
(Font)                  OT1/cmr/bx/n --> OT1/lmr/bx/n on input line 31.
LaTeX Font Info:    Overwriting math alphabet `\mathsf' in version `normal'
(Font)                  OT1/cmss/m/n --> OT1/lmss/m/n on input line 32.
LaTeX Font Info:    Overwriting math alphabet `\mathit' in version `normal'
(Font)                  OT1/cmr/m/it --> OT1/lmr/m/it on input line 33.
LaTeX Font Info:    Overwriting math alphabet `\mathtt' in version `normal'
(Font)                  OT1/cmtt/m/n --> OT1/lmtt/m/n on input line 34.
LaTeX Font Info:    Overwriting math alphabet `\mathbf' in version `bold'
(Font)                  OT1/cmr/bx/n --> OT1/lmr/bx/n on input line 35.
LaTeX Font Info:    Overwriting math alphabet `\mathsf' in version `bold'
(Font)                  OT1/cmss/bx/n --> OT1/lmss/bx/n on input line 36.
LaTeX Font Info:    Overwriting math alphabet `\mathit' in version `bold'
(Font)                  OT1/cmr/bx/it --> OT1/lmr/bx/it on input line 37.
LaTeX Font Info:    Overwriting math alphabet `\mathtt' in version `bold'
(Font)                  OT1/cmtt/m/n --> OT1/lmtt/m/n on input line 38.
)
(c:/Users/mkram02/AppData/Roaming/TinyTeX/texmf-dist/tex/generic/iftex/ifxetex.
sty
Package: ifxetex 2019/10/25 v0.7 ifxetex legacy package. Use iftex instead.

(c:/Users/mkram02/AppData/Roaming/TinyTeX/texmf-dist/tex/generic/iftex/iftex.st
y
Package: iftex 2020/03/06 v1.0d TeX engine tests
))
(c:/Users/mkram02/AppData/Roaming/TinyTeX/texmf-dist/tex/generic/iftex/ifluatex
.sty
Package: ifluatex 2019/10/25 v1.5 ifluatex legacy package. Use iftex instead.
)
(c:/Users/mkram02/AppData/Roaming/TinyTeX/texmf-dist/tex/latex/unicode-math/uni
code-math.sty
(c:/Users/mkram02/AppData/Roaming/TinyTeX/texmf-dist/tex/latex/l3kernel/expl3.s
ty
Package: expl3 2021-07-12 L3 programming layer (loader) 

(c:/Users/mkram02/AppData/Roaming/TinyTeX/texmf-dist/tex/latex/l3backend/l3back
end-xetex.def
File: l3backend-xetex.def 2021-08-04 L3 backend support: XeTeX
(|extractbb --version)
\c__kernel_sys_dvipdfmx_version_int=\count199
\l__color_backend_stack_int=\count266
\g__color_backend_stack_int=\count267
\g__graphics_track_int=\count268
\l__pdf_internal_box=\box52
\g__pdf_backend_object_int=\count269
\g__pdf_backend_annotation_int=\count270
\g__pdf_backend_link_int=\count271
))
Package: unicode-math 2020/01/31 v0.8q Unicode maths in XeLaTeX and LuaLaTeX

(c:/Users/mkram02/AppData/Roaming/TinyTeX/texmf-dist/tex/latex/unicode-math/uni
code-math-xetex.sty
Package: unicode-math-xetex 2020/01/31 v0.8q Unicode maths in XeLaTeX and LuaLa
TeX

(c:/Users/mkram02/AppData/Roaming/TinyTeX/texmf-dist/tex/latex/l3packages/xpars
e/xparse.sty
Package: xparse 2021-08-04 L3 Experimental document command parser
)
(c:/Users/mkram02/AppData/Roaming/TinyTeX/texmf-dist/tex/latex/l3packages/l3key
s2e/l3keys2e.sty
Package: l3keys2e 2021-08-04 LaTeX2e option processing using LaTeX3 keys
)
(c:/Users/mkram02/AppData/Roaming/TinyTeX/texmf-dist/tex/latex/fontspec/fontspe
c.sty
Package: fontspec 2020/02/21 v2.7i Font selection for XeLaTeX and LuaLaTeX

(c:/Users/mkram02/AppData/Roaming/TinyTeX/texmf-dist/tex/latex/fontspec/fontspe
c-xetex.sty
Package: fontspec-xetex 2020/02/21 v2.7i Font selection for XeLaTeX and LuaLaTe
X
\l__fontspec_script_int=\count272
\l__fontspec_language_int=\count273
\l__fontspec_strnum_int=\count274
\l__fontspec_tmp_int=\count275
\l__fontspec_tmpa_int=\count276
\l__fontspec_tmpb_int=\count277
\l__fontspec_tmpc_int=\count278
\l__fontspec_em_int=\count279
\l__fontspec_emdef_int=\count280
\l__fontspec_strong_int=\count281
\l__fontspec_strongdef_int=\count282
\l__fontspec_tmpa_dim=\dimen148
\l__fontspec_tmpb_dim=\dimen149
\l__fontspec_tmpc_dim=\dimen150

(c:/Users/mkram02/AppData/Roaming/TinyTeX/texmf-dist/tex/latex/base/fontenc.sty
Package: fontenc 2021/04/29 v2.0v Standard LaTeX package
)
(c:/Users/mkram02/AppData/Roaming/TinyTeX/texmf-dist/tex/latex/fontspec/fontspe
c.cfg))) (c:/Users/mkram02/AppData/Roaming/TinyTeX/texmf-dist/tex/latex/base/fi
x-cm.sty
Package: fix-cm 2020/11/24 v1.1t fixes to LaTeX
(c:/Users/mkram02/AppData/Roaming/TinyTeX/texmf-dist/tex/latex/base/ts1enc.def
File: ts1enc.def 2001/06/05 v3.0e (jk/car/fm) Standard LaTeX file
LaTeX Font Info:    Redeclaring font encoding TS1 on input line 47.
))
\g__um_fam_int=\count283
\g__um_fonts_used_int=\count284
\l__um_primecount_int=\count285
\g__um_primekern_muskip=\muskip17

(c:/Users/mkram02/AppData/Roaming/TinyTeX/texmf-dist/tex/latex/unicode-math/uni
code-math-table.tex)))
(c:/Users/mkram02/AppData/Roaming/TinyTeX/texmf-dist/tex/latex/xcolor/xcolor.st
y
Package: xcolor 2016/05/11 v2.12 LaTeX color extensions (UK)

(c:/Users/mkram02/AppData/Roaming/TinyTeX/texmf-dist/tex/latex/graphics-cfg/col
or.cfg
File: color.cfg 2016/01/02 v1.6 sample color configuration
)
Package xcolor Info: Driver file: xetex.def on input line 225.

(c:/Users/mkram02/AppData/Roaming/TinyTeX/texmf-dist/tex/latex/graphics-def/xet
ex.def
File: xetex.def 2021/03/18 v5.0k Graphics/color driver for xetex
)
Package xcolor Info: Model `cmy' substituted by `cmy0' on input line 1348.
Package xcolor Info: Model `RGB' extended on input line 1364.
Package xcolor Info: Model `HTML' substituted by `rgb' on input line 1366.
Package xcolor Info: Model `Hsb' substituted by `hsb' on input line 1367.
Package xcolor Info: Model `tHsb' substituted by `hsb' on input line 1368.
Package xcolor Info: Model `HSB' substituted by `hsb' on input line 1369.
Package xcolor Info: Model `Gray' substituted by `gray' on input line 1370.
Package xcolor Info: Model `wave' substituted by `hsb' on input line 1371.
)
(c:/Users/mkram02/AppData/Roaming/TinyTeX/texmf-dist/tex/latex/hyperref/hyperre
f.sty
Package: hyperref 2021-06-07 v7.00m Hypertext links for LaTeX

(c:/Users/mkram02/AppData/Roaming/TinyTeX/texmf-dist/tex/generic/ltxcmds/ltxcmd
s.sty
Package: ltxcmds 2020-05-10 v1.25 LaTeX kernel commands for general use (HO)
)
(c:/Users/mkram02/AppData/Roaming/TinyTeX/texmf-dist/tex/generic/pdftexcmds/pdf
texcmds.sty
Package: pdftexcmds 2020-06-27 v0.33 Utility functions of pdfTeX for LuaTeX (HO
)

(c:/Users/mkram02/AppData/Roaming/TinyTeX/texmf-dist/tex/generic/infwarerr/infw
arerr.sty
Package: infwarerr 2019/12/03 v1.5 Providing info/warning/error messages (HO)
)
Package pdftexcmds Info: \pdf@primitive is available.
Package pdftexcmds Info: \pdf@ifprimitive is available.
Package pdftexcmds Info: \pdfdraftmode not found.
)
(c:/Users/mkram02/AppData/Roaming/TinyTeX/texmf-dist/tex/latex/graphics/keyval.
sty
Package: keyval 2014/10/28 v1.15 key=value parser (DPC)
\KV@toks@=\toks21
)
(c:/Users/mkram02/AppData/Roaming/TinyTeX/texmf-dist/tex/generic/kvsetkeys/kvse
tkeys.sty
Package: kvsetkeys 2019/12/15 v1.18 Key value parser (HO)
)
(c:/Users/mkram02/AppData/Roaming/TinyTeX/texmf-dist/tex/generic/kvdefinekeys/k
vdefinekeys.sty
Package: kvdefinekeys 2019-12-19 v1.6 Define keys (HO)
)
(c:/Users/mkram02/AppData/Roaming/TinyTeX/texmf-dist/tex/generic/pdfescape/pdfe
scape.sty
Package: pdfescape 2019/12/09 v1.15 Implements pdfTeX's escape features (HO)
)
(c:/Users/mkram02/AppData/Roaming/TinyTeX/texmf-dist/tex/latex/hycolor/hycolor.
sty
Package: hycolor 2020-01-27 v1.10 Color options for hyperref/bookmark (HO)
)
(c:/Users/mkram02/AppData/Roaming/TinyTeX/texmf-dist/tex/latex/letltxmacro/letl
txmacro.sty
Package: letltxmacro 2019/12/03 v1.6 Let assignment for LaTeX macros (HO)
)
(c:/Users/mkram02/AppData/Roaming/TinyTeX/texmf-dist/tex/latex/auxhook/auxhook.
sty
Package: auxhook 2019-12-17 v1.6 Hooks for auxiliary files (HO)
)
(c:/Users/mkram02/AppData/Roaming/TinyTeX/texmf-dist/tex/latex/kvoptions/kvopti
ons.sty
Package: kvoptions 2020-10-07 v3.14 Key value format for package options (HO)
)
\@linkdim=\dimen151
\Hy@linkcounter=\count286
\Hy@pagecounter=\count287

(c:/Users/mkram02/AppData/Roaming/TinyTeX/texmf-dist/tex/latex/hyperref/pd1enc.
def
File: pd1enc.def 2021-06-07 v7.00m Hyperref: PDFDocEncoding definition (HO)
)
(c:/Users/mkram02/AppData/Roaming/TinyTeX/texmf-dist/tex/latex/hyperref/hyperre
f-langpatches.def
File: hyperref-langpatches.def 2021-06-07 v7.00m Hyperref: patches for babel la
nguages
)
(c:/Users/mkram02/AppData/Roaming/TinyTeX/texmf-dist/tex/generic/intcalc/intcal
c.sty
Package: intcalc 2019/12/15 v1.3 Expandable calculations with integers (HO)
)
(c:/Users/mkram02/AppData/Roaming/TinyTeX/texmf-dist/tex/generic/etexcmds/etexc
mds.sty
Package: etexcmds 2019/12/15 v1.7 Avoid name clashes with e-TeX commands (HO)
)
\Hy@SavedSpaceFactor=\count288

(c:/Users/mkram02/AppData/Roaming/TinyTeX/texmf-dist/tex/latex/hyperref/puenc.d
ef
File: puenc.def 2021-06-07 v7.00m Hyperref: PDF Unicode definition (HO)
)
Package hyperref Info: Option `unicode' set `true' on input line 4073.
Package hyperref Info: Hyper figures OFF on input line 4192.
Package hyperref Info: Link nesting OFF on input line 4197.
Package hyperref Info: Hyper index ON on input line 4200.
Package hyperref Info: Plain pages OFF on input line 4207.
Package hyperref Info: Backreferencing OFF on input line 4212.
Package hyperref Info: Implicit mode ON; LaTeX internals redefined.
Package hyperref Info: Bookmarks ON on input line 4445.
\c@Hy@tempcnt=\count289
(c:/Users/mkram02/AppData/Roaming/TinyTeX/texmf-dist/tex/latex/url/url.sty
\Urlmuskip=\muskip18
Package: url 2013/09/16  ver 3.4  Verb mode for urls, etc.
)
LaTeX Info: Redefining \url on input line 4804.
\XeTeXLinkMargin=\dimen152

(c:/Users/mkram02/AppData/Roaming/TinyTeX/texmf-dist/tex/generic/bitset/bitset.
sty
Package: bitset 2019/12/09 v1.3 Handle bit-vector datatype (HO)

(c:/Users/mkram02/AppData/Roaming/TinyTeX/texmf-dist/tex/generic/bigintcalc/big
intcalc.sty
Package: bigintcalc 2019/12/15 v1.5 Expandable calculations on big integers (HO
)
))
\Fld@menulength=\count290
\Field@Width=\dimen153
\Fld@charsize=\dimen154
Package hyperref Info: Hyper figures OFF on input line 6076.
Package hyperref Info: Link nesting OFF on input line 6081.
Package hyperref Info: Hyper index ON on input line 6084.
Package hyperref Info: backreferencing OFF on input line 6091.
Package hyperref Info: Link coloring OFF on input line 6096.
Package hyperref Info: Link coloring with OCG OFF on input line 6101.
Package hyperref Info: PDF/A mode OFF on input line 6106.
LaTeX Info: Redefining \ref on input line 6146.
LaTeX Info: Redefining \pageref on input line 6150.

(c:/Users/mkram02/AppData/Roaming/TinyTeX/texmf-dist/tex/latex/base/atbegshi-lt
x.sty
Package: atbegshi-ltx 2021/01/10 v1.0c Emulation of the original atbegshi
package with kernel methods
)
\Hy@abspage=\count291
\c@Item=\count292
\c@Hfootnote=\count293
)
Package hyperref Info: Driver (autodetected): hxetex.

(c:/Users/mkram02/AppData/Roaming/TinyTeX/texmf-dist/tex/latex/hyperref/hxetex.
def
File: hxetex.def 2021-06-07 v7.00m Hyperref driver for XeTeX

(c:/Users/mkram02/AppData/Roaming/TinyTeX/texmf-dist/tex/generic/stringenc/stri
ngenc.sty
Package: stringenc 2019/11/29 v1.12 Convert strings between diff. encodings (HO
)
)
\pdfm@box=\box53
\c@Hy@AnnotLevel=\count294
\HyField@AnnotCount=\count295
\Fld@listcount=\count296
\c@bookmark@seq@number=\count297

(c:/Users/mkram02/AppData/Roaming/TinyTeX/texmf-dist/tex/latex/rerunfilecheck/r
erunfilecheck.sty
Package: rerunfilecheck 2019/12/05 v1.9 Rerun checks for auxiliary files (HO)

(c:/Users/mkram02/AppData/Roaming/TinyTeX/texmf-dist/tex/latex/base/atveryend-l
tx.sty
Package: atveryend-ltx 2020/08/19 v1.0a Emulation of the original atvery packag
e
with kernel methods
)
(c:/Users/mkram02/AppData/Roaming/TinyTeX/texmf-dist/tex/generic/uniquecounter/
uniquecounter.sty
Package: uniquecounter 2019/12/15 v1.4 Provide unlimited unique counter (HO)
)
Package uniquecounter Info: New unique counter `rerunfilecheck' on input line 2
86.
)
\Hy@SectionHShift=\skip52
)
(c:/Users/mkram02/AppData/Roaming/TinyTeX/texmf-dist/tex/latex/fancyvrb/fancyvr
b.sty
Package: fancyvrb 2021/08/12 v3.8 verbatim text (tvz,hv)
\FV@CodeLineNo=\count298
\FV@InFile=\read2
\FV@TabBox=\box54
\c@FancyVerbLine=\count299
\FV@StepNumber=\count300
\FV@OutFile=\write3
)
(c:/Users/mkram02/AppData/Roaming/TinyTeX/texmf-dist/tex/latex/framed/framed.st
y
Package: framed 2011/10/22 v 0.96: framed or shaded text with page breaks
\OuterFrameSep=\skip53
\fb@frw=\dimen155
\fb@frh=\dimen156
\FrameRule=\dimen157
\FrameSep=\dimen158
)
(c:/Users/mkram02/AppData/Roaming/TinyTeX/texmf-dist/tex/latex/tools/longtable.
sty
Package: longtable 2021-05-07 v4.16 Multi-page Table package (DPC)
\LTleft=\skip54
\LTright=\skip55
\LTpre=\skip56
\LTpost=\skip57
\LTchunksize=\count301
\LTcapwidth=\dimen159
\LT@head=\box55
\LT@firsthead=\box56
\LT@foot=\box57
\LT@lastfoot=\box58
\LT@gbox=\box59
\LT@cols=\count302
\LT@rows=\count303
\c@LT@tables=\count304
\c@LT@chunks=\count305
\LT@p@ftn=\toks22
)
(c:/Users/mkram02/AppData/Roaming/TinyTeX/texmf-dist/tex/latex/booktabs/booktab
s.sty
Package: booktabs 2020/01/12 v1.61803398 Publication quality tables
\heavyrulewidth=\dimen160
\lightrulewidth=\dimen161
\cmidrulewidth=\dimen162
\belowrulesep=\dimen163
\belowbottomsep=\dimen164
\aboverulesep=\dimen165
\abovetopsep=\dimen166
\cmidrulesep=\dimen167
\cmidrulekern=\dimen168
\defaultaddspace=\dimen169
\@cmidla=\count306
\@cmidlb=\count307
\@aboverulesep=\dimen170
\@belowrulesep=\dimen171
\@thisruleclass=\count308
\@lastruleclass=\count309
\@thisrulewidth=\dimen172
) (c:/Users/mkram02/AppData/Roaming/TinyTeX/texmf-dist/tex/latex/tools/array.st
y
Package: array 2021/04/20 v2.5e Tabular extension package (FMi)
\col@sep=\dimen173
\ar@mcellbox=\box60
\extrarowheight=\dimen174
\NC@list=\toks23
\extratabsurround=\skip58
\backup@length=\skip59
\ar@cellbox=\box61
) (c:/Users/mkram02/AppData/Roaming/TinyTeX/texmf-dist/tex/latex/tools/calc.sty
Package: calc 2017/05/25 v4.3 Infix arithmetic (KKT,FJ)
\calc@Acount=\count310
\calc@Bcount=\count311
\calc@Adimen=\dimen175
\calc@Bdimen=\dimen176
\calc@Askip=\skip60
\calc@Bskip=\skip61
LaTeX Info: Redefining \setlength on input line 80.
LaTeX Info: Redefining \addtolength on input line 81.
\calc@Ccount=\count312
\calc@Cskip=\skip62
)
(c:/Users/mkram02/AppData/Roaming/TinyTeX/texmf-dist/tex/latex/etoolbox/etoolbo
x.sty
Package: etoolbox 2020/10/05 v2.5k e-TeX tools for LaTeX (JAW)
\etb@tempcnta=\count313
)
(c:/Users/mkram02/AppData/Roaming/TinyTeX/texmf-dist/tex/latex/mdwtools/footnot
e.sty
Package: footnote 1997/01/28 1.13 Save footnotes around boxes
\fn@notes=\box62
\fn@width=\dimen177
)
(c:/Users/mkram02/AppData/Roaming/TinyTeX/texmf-dist/tex/latex/graphics/graphic
x.sty
Package: graphicx 2020/12/05 v1.2c Enhanced LaTeX Graphics (DPC,SPQR)

(c:/Users/mkram02/AppData/Roaming/TinyTeX/texmf-dist/tex/latex/graphics/graphic
s.sty
Package: graphics 2021/03/04 v1.4d Standard LaTeX Graphics (DPC,SPQR)

(c:/Users/mkram02/AppData/Roaming/TinyTeX/texmf-dist/tex/latex/graphics/trig.st
y
Package: trig 2016/01/03 v1.10 sin cos tan (DPC)
)
(c:/Users/mkram02/AppData/Roaming/TinyTeX/texmf-dist/tex/latex/graphics-cfg/gra
phics.cfg
File: graphics.cfg 2016/06/04 v1.11 sample graphics configuration
)
Package graphics Info: Driver file: xetex.def on input line 107.
)
\Gin@req@height=\dimen178
\Gin@req@width=\dimen179
) (c:/Users/mkram02/AppData/Roaming/TinyTeX/texmf-dist/tex/latex/float/float.st
y
Package: float 2001/11/08 v1.3d Float enhancements (AL)
\c@float@type=\count314
\float@exts=\toks24
\float@box=\box63
\@float@everytoks=\toks25
\@floatcapt=\box64
)
(c:/Users/mkram02/AppData/Roaming/TinyTeX/texmf-dist/tex/latex/tcolorbox/tcolor
box.sty
Package: tcolorbox 2021/06/14 version 4.51 text color boxes

(c:/Users/mkram02/AppData/Roaming/TinyTeX/texmf-dist/tex/latex/pgf/basiclayer/p
gf.sty
(c:/Users/mkram02/AppData/Roaming/TinyTeX/texmf-dist/tex/latex/pgf/utilities/pg
frcs.sty
(c:/Users/mkram02/AppData/Roaming/TinyTeX/texmf-dist/tex/generic/pgf/utilities/
pgfutil-common.tex
\pgfutil@everybye=\toks26
\pgfutil@tempdima=\dimen180
\pgfutil@tempdimb=\dimen181

(c:/Users/mkram02/AppData/Roaming/TinyTeX/texmf-dist/tex/generic/pgf/utilities/
pgfutil-common-lists.tex))
(c:/Users/mkram02/AppData/Roaming/TinyTeX/texmf-dist/tex/generic/pgf/utilities/
pgfutil-latex.def
\pgfutil@abb=\box65
)
(c:/Users/mkram02/AppData/Roaming/TinyTeX/texmf-dist/tex/generic/pgf/utilities/
pgfrcs.code.tex
(c:/Users/mkram02/AppData/Roaming/TinyTeX/texmf-dist/tex/generic/pgf/pgf.revisi
on.tex)
Package: pgfrcs 2021/05/15 v3.1.9a (3.1.9a)
))
Package: pgf 2021/05/15 v3.1.9a (3.1.9a)

(c:/Users/mkram02/AppData/Roaming/TinyTeX/texmf-dist/tex/latex/pgf/basiclayer/p
gfcore.sty
(c:/Users/mkram02/AppData/Roaming/TinyTeX/texmf-dist/tex/latex/pgf/systemlayer/
pgfsys.sty
(c:/Users/mkram02/AppData/Roaming/TinyTeX/texmf-dist/tex/generic/pgf/systemlaye
r/pgfsys.code.tex
Package: pgfsys 2021/05/15 v3.1.9a (3.1.9a)

(c:/Users/mkram02/AppData/Roaming/TinyTeX/texmf-dist/tex/generic/pgf/utilities/
pgfkeys.code.tex
\pgfkeys@pathtoks=\toks27
\pgfkeys@temptoks=\toks28

(c:/Users/mkram02/AppData/Roaming/TinyTeX/texmf-dist/tex/generic/pgf/utilities/
pgfkeysfiltered.code.tex
\pgfkeys@tmptoks=\toks29
))
\pgf@x=\dimen182
\pgf@y=\dimen183
\pgf@xa=\dimen184
\pgf@ya=\dimen185
\pgf@xb=\dimen186
\pgf@yb=\dimen187
\pgf@xc=\dimen188
\pgf@yc=\dimen189
\pgf@xd=\dimen190
\pgf@yd=\dimen191
\w@pgf@writea=\write4
\r@pgf@reada=\read3
\c@pgf@counta=\count315
\c@pgf@countb=\count316
\c@pgf@countc=\count317
\c@pgf@countd=\count318
\t@pgf@toka=\toks30
\t@pgf@tokb=\toks31
\t@pgf@tokc=\toks32
\pgf@sys@id@count=\count319

(c:/Users/mkram02/AppData/Roaming/TinyTeX/texmf-dist/tex/generic/pgf/systemlaye
r/pgf.cfg
File: pgf.cfg 2021/05/15 v3.1.9a (3.1.9a)
)
Driver file for pgf: pgfsys-xetex.def

(c:/Users/mkram02/AppData/Roaming/TinyTeX/texmf-dist/tex/generic/pgf/systemlaye
r/pgfsys-xetex.def
File: pgfsys-xetex.def 2021/05/15 v3.1.9a (3.1.9a)

(c:/Users/mkram02/AppData/Roaming/TinyTeX/texmf-dist/tex/generic/pgf/systemlaye
r/pgfsys-dvipdfmx.def
File: pgfsys-dvipdfmx.def 2021/05/15 v3.1.9a (3.1.9a)

(c:/Users/mkram02/AppData/Roaming/TinyTeX/texmf-dist/tex/generic/pgf/systemlaye
r/pgfsys-common-pdf.def
File: pgfsys-common-pdf.def 2021/05/15 v3.1.9a (3.1.9a)
)
\pgfsys@objnum=\count320
)))
(c:/Users/mkram02/AppData/Roaming/TinyTeX/texmf-dist/tex/generic/pgf/systemlaye
r/pgfsyssoftpath.code.tex
File: pgfsyssoftpath.code.tex 2021/05/15 v3.1.9a (3.1.9a)
\pgfsyssoftpath@smallbuffer@items=\count321
\pgfsyssoftpath@bigbuffer@items=\count322
)
(c:/Users/mkram02/AppData/Roaming/TinyTeX/texmf-dist/tex/generic/pgf/systemlaye
r/pgfsysprotocol.code.tex
File: pgfsysprotocol.code.tex 2021/05/15 v3.1.9a (3.1.9a)
))
(c:/Users/mkram02/AppData/Roaming/TinyTeX/texmf-dist/tex/generic/pgf/basiclayer
/pgfcore.code.tex
Package: pgfcore 2021/05/15 v3.1.9a (3.1.9a)

(c:/Users/mkram02/AppData/Roaming/TinyTeX/texmf-dist/tex/generic/pgf/math/pgfma
th.code.tex
(c:/Users/mkram02/AppData/Roaming/TinyTeX/texmf-dist/tex/generic/pgf/math/pgfma
thcalc.code.tex
(c:/Users/mkram02/AppData/Roaming/TinyTeX/texmf-dist/tex/generic/pgf/math/pgfma
thutil.code.tex)
(c:/Users/mkram02/AppData/Roaming/TinyTeX/texmf-dist/tex/generic/pgf/math/pgfma
thparser.code.tex
\pgfmath@dimen=\dimen192
\pgfmath@count=\count323
\pgfmath@box=\box66
\pgfmath@toks=\toks33
\pgfmath@stack@operand=\toks34
\pgfmath@stack@operation=\toks35
)
(c:/Users/mkram02/AppData/Roaming/TinyTeX/texmf-dist/tex/generic/pgf/math/pgfma
thfunctions.code.tex
(c:/Users/mkram02/AppData/Roaming/TinyTeX/texmf-dist/tex/generic/pgf/math/pgfma
thfunctions.basic.code.tex)
(c:/Users/mkram02/AppData/Roaming/TinyTeX/texmf-dist/tex/generic/pgf/math/pgfma
thfunctions.trigonometric.code.tex)
(c:/Users/mkram02/AppData/Roaming/TinyTeX/texmf-dist/tex/generic/pgf/math/pgfma
thfunctions.random.code.tex)
(c:/Users/mkram02/AppData/Roaming/TinyTeX/texmf-dist/tex/generic/pgf/math/pgfma
thfunctions.comparison.code.tex)
(c:/Users/mkram02/AppData/Roaming/TinyTeX/texmf-dist/tex/generic/pgf/math/pgfma
thfunctions.base.code.tex)
(c:/Users/mkram02/AppData/Roaming/TinyTeX/texmf-dist/tex/generic/pgf/math/pgfma
thfunctions.round.code.tex)
(c:/Users/mkram02/AppData/Roaming/TinyTeX/texmf-dist/tex/generic/pgf/math/pgfma
thfunctions.misc.code.tex)
(c:/Users/mkram02/AppData/Roaming/TinyTeX/texmf-dist/tex/generic/pgf/math/pgfma
thfunctions.integerarithmetics.code.tex)))
(c:/Users/mkram02/AppData/Roaming/TinyTeX/texmf-dist/tex/generic/pgf/math/pgfma
thfloat.code.tex
\c@pgfmathroundto@lastzeros=\count324
))
(c:/Users/mkram02/AppData/Roaming/TinyTeX/texmf-dist/tex/generic/pgf/math/pgfin
t.code.tex)
(c:/Users/mkram02/AppData/Roaming/TinyTeX/texmf-dist/tex/generic/pgf/basiclayer
/pgfcorepoints.code.tex
File: pgfcorepoints.code.tex 2021/05/15 v3.1.9a (3.1.9a)
\pgf@picminx=\dimen193
\pgf@picmaxx=\dimen194
\pgf@picminy=\dimen195
\pgf@picmaxy=\dimen196
\pgf@pathminx=\dimen197
\pgf@pathmaxx=\dimen198
\pgf@pathminy=\dimen199
\pgf@pathmaxy=\dimen256
\pgf@xx=\dimen257
\pgf@xy=\dimen258
\pgf@yx=\dimen259
\pgf@yy=\dimen260
\pgf@zx=\dimen261
\pgf@zy=\dimen262
)
(c:/Users/mkram02/AppData/Roaming/TinyTeX/texmf-dist/tex/generic/pgf/basiclayer
/pgfcorepathconstruct.code.tex
File: pgfcorepathconstruct.code.tex 2021/05/15 v3.1.9a (3.1.9a)
\pgf@path@lastx=\dimen263
\pgf@path@lasty=\dimen264
)
(c:/Users/mkram02/AppData/Roaming/TinyTeX/texmf-dist/tex/generic/pgf/basiclayer
/pgfcorepathusage.code.tex
File: pgfcorepathusage.code.tex 2021/05/15 v3.1.9a (3.1.9a)
\pgf@shorten@end@additional=\dimen265
\pgf@shorten@start@additional=\dimen266
)
(c:/Users/mkram02/AppData/Roaming/TinyTeX/texmf-dist/tex/generic/pgf/basiclayer
/pgfcorescopes.code.tex
File: pgfcorescopes.code.tex 2021/05/15 v3.1.9a (3.1.9a)
\pgfpic=\box67
\pgf@hbox=\box68
\pgf@layerbox@main=\box69
\pgf@picture@serial@count=\count325
)
(c:/Users/mkram02/AppData/Roaming/TinyTeX/texmf-dist/tex/generic/pgf/basiclayer
/pgfcoregraphicstate.code.tex
File: pgfcoregraphicstate.code.tex 2021/05/15 v3.1.9a (3.1.9a)
\pgflinewidth=\dimen267
)
(c:/Users/mkram02/AppData/Roaming/TinyTeX/texmf-dist/tex/generic/pgf/basiclayer
/pgfcoretransformations.code.tex
File: pgfcoretransformations.code.tex 2021/05/15 v3.1.9a (3.1.9a)
\pgf@pt@x=\dimen268
\pgf@pt@y=\dimen269
\pgf@pt@temp=\dimen270
)
(c:/Users/mkram02/AppData/Roaming/TinyTeX/texmf-dist/tex/generic/pgf/basiclayer
/pgfcorequick.code.tex
File: pgfcorequick.code.tex 2021/05/15 v3.1.9a (3.1.9a)
)
(c:/Users/mkram02/AppData/Roaming/TinyTeX/texmf-dist/tex/generic/pgf/basiclayer
/pgfcoreobjects.code.tex
File: pgfcoreobjects.code.tex 2021/05/15 v3.1.9a (3.1.9a)
)
(c:/Users/mkram02/AppData/Roaming/TinyTeX/texmf-dist/tex/generic/pgf/basiclayer
/pgfcorepathprocessing.code.tex
File: pgfcorepathprocessing.code.tex 2021/05/15 v3.1.9a (3.1.9a)
)
(c:/Users/mkram02/AppData/Roaming/TinyTeX/texmf-dist/tex/generic/pgf/basiclayer
/pgfcorearrows.code.tex
File: pgfcorearrows.code.tex 2021/05/15 v3.1.9a (3.1.9a)
\pgfarrowsep=\dimen271
)
(c:/Users/mkram02/AppData/Roaming/TinyTeX/texmf-dist/tex/generic/pgf/basiclayer
/pgfcoreshade.code.tex
File: pgfcoreshade.code.tex 2021/05/15 v3.1.9a (3.1.9a)
\pgf@max=\dimen272
\pgf@sys@shading@range@num=\count326
\pgf@shadingcount=\count327
)
(c:/Users/mkram02/AppData/Roaming/TinyTeX/texmf-dist/tex/generic/pgf/basiclayer
/pgfcoreimage.code.tex
File: pgfcoreimage.code.tex 2021/05/15 v3.1.9a (3.1.9a)

(c:/Users/mkram02/AppData/Roaming/TinyTeX/texmf-dist/tex/generic/pgf/basiclayer
/pgfcoreexternal.code.tex
File: pgfcoreexternal.code.tex 2021/05/15 v3.1.9a (3.1.9a)
\pgfexternal@startupbox=\box70
))
(c:/Users/mkram02/AppData/Roaming/TinyTeX/texmf-dist/tex/generic/pgf/basiclayer
/pgfcorelayers.code.tex
File: pgfcorelayers.code.tex 2021/05/15 v3.1.9a (3.1.9a)
)
(c:/Users/mkram02/AppData/Roaming/TinyTeX/texmf-dist/tex/generic/pgf/basiclayer
/pgfcoretransparency.code.tex
File: pgfcoretransparency.code.tex 2021/05/15 v3.1.9a (3.1.9a)
)
(c:/Users/mkram02/AppData/Roaming/TinyTeX/texmf-dist/tex/generic/pgf/basiclayer
/pgfcorepatterns.code.tex
File: pgfcorepatterns.code.tex 2021/05/15 v3.1.9a (3.1.9a)
)
(c:/Users/mkram02/AppData/Roaming/TinyTeX/texmf-dist/tex/generic/pgf/basiclayer
/pgfcorerdf.code.tex
File: pgfcorerdf.code.tex 2021/05/15 v3.1.9a (3.1.9a)
)))
(c:/Users/mkram02/AppData/Roaming/TinyTeX/texmf-dist/tex/generic/pgf/modules/pg
fmoduleshapes.code.tex
File: pgfmoduleshapes.code.tex 2021/05/15 v3.1.9a (3.1.9a)
\pgfnodeparttextbox=\box71
)
(c:/Users/mkram02/AppData/Roaming/TinyTeX/texmf-dist/tex/generic/pgf/modules/pg
fmoduleplot.code.tex
File: pgfmoduleplot.code.tex 2021/05/15 v3.1.9a (3.1.9a)
)
(c:/Users/mkram02/AppData/Roaming/TinyTeX/texmf-dist/tex/latex/pgf/compatibilit
y/pgfcomp-version-0-65.sty
Package: pgfcomp-version-0-65 2021/05/15 v3.1.9a (3.1.9a)
\pgf@nodesepstart=\dimen273
\pgf@nodesepend=\dimen274
)
(c:/Users/mkram02/AppData/Roaming/TinyTeX/texmf-dist/tex/latex/pgf/compatibilit
y/pgfcomp-version-1-18.sty
Package: pgfcomp-version-1-18 2021/05/15 v3.1.9a (3.1.9a)
))
(c:/Users/mkram02/AppData/Roaming/TinyTeX/texmf-dist/tex/latex/tools/verbatim.s
ty
Package: verbatim 2020-07-07 v1.5u LaTeX2e package for verbatim enhancements
\every@verbatim=\toks36
\verbatim@line=\toks37
\verbatim@in@stream=\read4
)
(c:/Users/mkram02/AppData/Roaming/TinyTeX/texmf-dist/tex/latex/environ/environ.
sty
Package: environ 2014/05/04 v0.3 A new way to define environments

(c:/Users/mkram02/AppData/Roaming/TinyTeX/texmf-dist/tex/latex/trimspaces/trims
paces.sty
Package: trimspaces 2009/09/17 v1.1 Trim spaces around a token list
))
\tcb@titlebox=\box72
\tcb@upperbox=\box73
\tcb@lowerbox=\box74
\tcb@phantombox=\box75
\c@tcbbreakpart=\count328
\c@tcblayer=\count329
\c@tcolorbox@number=\count330
\tcb@temp=\box76
\tcb@temp=\box77
\tcb@temp=\box78
\tcb@temp=\box79
)
(c:/Users/mkram02/AppData/Roaming/TinyTeX/texmf-dist/tex/latex/caption/caption.
sty
Package: caption 2020/10/26 v3.5g Customizing captions (AR)

(c:/Users/mkram02/AppData/Roaming/TinyTeX/texmf-dist/tex/latex/caption/caption3
.sty
Package: caption3 2020/10/21 v2.2e caption3 kernel (AR)
\captionmargin=\dimen275
\captionmargin@=\dimen276
\captionwidth=\dimen277
\caption@tempdima=\dimen278
\caption@indent=\dimen279
\caption@parindent=\dimen280
\caption@hangindent=\dimen281
Package caption Info: Standard document class detected.
)
\c@caption@flags=\count331
\c@continuedfloat=\count332
Package caption Info: float package is loaded.
Package caption Info: hyperref package is loaded.
Package caption Info: longtable package is loaded.

(c:/Users/mkram02/AppData/Roaming/TinyTeX/texmf-dist/tex/latex/caption/ltcaptio
n.sty
Package: ltcaption 2020/05/30 v1.4b longtable captions (AR)
))
(c:/Users/mkram02/AppData/Roaming/TinyTeX/texmf-dist/tex/latex/siunitx/siunitx.
sty
Package: siunitx 2021-08-22 v3.0.27 A comprehensive (SI) units package
\l__siunitx_angle_tmp_dim=\dimen282
\l__siunitx_angle_marker_box=\box80
\l__siunitx_angle_unit_box=\box81
\l__siunitx_compound_count_int=\count333
\l__siunitx_number_exponent_fixed_int=\count334
\l__siunitx_number_min_decimal_int=\count335
\l__siunitx_number_min_integer_int=\count336
\l__siunitx_number_round_precision_int=\count337
\l__siunitx_number_group_minimum_int=\count338
\l__siunitx_table_tmp_box=\box82
\l__siunitx_table_tmp_dim=\dimen283
\l__siunitx_table_column_width_dim=\dimen284
\l__siunitx_table_integer_box=\box83
\l__siunitx_table_decimal_box=\box84
\l__siunitx_table_before_box=\box85
\l__siunitx_table_after_box=\box86
\l__siunitx_table_before_dim=\dimen285
\l__siunitx_table_carry_dim=\dimen286
\l__siunitx_unit_tmp_int=\count339
\l__siunitx_unit_position_int=\count340
\l__siunitx_unit_total_int=\count341
) (c:/Users/mkram02/AppData/Roaming/TinyTeX/texmf-dist/tex/generic/ulem/ulem.st
y
\UL@box=\box87
\UL@hyphenbox=\box88
\UL@skip=\skip63
\UL@hook=\toks38
\UL@height=\dimen287
\UL@pe=\count342
\UL@pixel=\dimen288
\ULC@box=\box89
Package: ulem 2019/11/18
\ULdepth=\dimen289
)
(c:/Users/mkram02/AppData/Roaming/TinyTeX/texmf-dist/tex/latex/colortbl/colortb
l.sty
Package: colortbl 2020/01/04 v1.0e Color table columns (DPC)
\everycr=\toks39
\minrowclearance=\skip64
)
(c:/Users/mkram02/AppData/Roaming/TinyTeX/texmf-dist/tex/latex/multirow/multiro
w.sty
Package: multirow 2021/03/15 v2.8 Span multiple rows of a table
\multirow@colwidth=\skip65
\multirow@cntb=\count343
\multirow@dima=\skip66
\bigstrutjot=\dimen290
)
(c:/Users/mkram02/AppData/Roaming/TinyTeX/texmf-dist/tex/latex/tools/hhline.sty
Package: hhline 2020/01/04 v2.04 Table rule package (DPC)
)
(c:/Users/mkram02/AppData/Roaming/TinyTeX/texmf-dist/tex/latex/tools/tabularx.s
ty
Package: tabularx 2020/01/15 v2.11c `tabularx' package (DPC)
\TX@col@width=\dimen291
\TX@old@table=\dimen292
\TX@old@col=\dimen293
\TX@target=\dimen294
\TX@delta=\dimen295
\TX@cols=\count344
\TX@ftn=\toks40
)
(c:/Users/mkram02/AppData/Roaming/TinyTeX/texmf-dist/tex/latex/threeparttable/t
hreeparttable.sty
Package: threeparttable 2003/06/13  v 3.0
\@tempboxb=\box90
)
(c:/Users/mkram02/AppData/Roaming/TinyTeX/texmf-dist/tex/latex/wrapfig/wrapfig.
sty
\wrapoverhang=\dimen296
\WF@size=\dimen297
\c@WF@wrappedlines=\count345
\WF@box=\box91
\WF@everypar=\toks41
Package: wrapfig 2003/01/31  v 3.6
)
(c:/Users/mkram02/AppData/Roaming/TinyTeX/texmf-dist/tex/latex/adjustbox/adjust
box.sty
Package: adjustbox 2020/08/19 v1.3 Adjusting TeX boxes (trim, clip, ...)

(c:/Users/mkram02/AppData/Roaming/TinyTeX/texmf-dist/tex/latex/xkeyval/xkeyval.
sty
Package: xkeyval 2020/11/20 v2.8 package option processing (HA)

(c:/Users/mkram02/AppData/Roaming/TinyTeX/texmf-dist/tex/generic/xkeyval/xkeyva
l.tex
(c:/Users/mkram02/AppData/Roaming/TinyTeX/texmf-dist/tex/generic/xkeyval/xkvuti
ls.tex
\XKV@toks=\toks42
\XKV@tempa@toks=\toks43
)
\XKV@depth=\count346
File: xkeyval.tex 2014/12/03 v2.7a key=value parser (HA)
))
(c:/Users/mkram02/AppData/Roaming/TinyTeX/texmf-dist/tex/latex/adjustbox/adjcal
c.sty
Package: adjcalc 2012/05/16 v1.1 Provides advanced setlength with multiple back
-ends (calc, etex, pgfmath)
)
(c:/Users/mkram02/AppData/Roaming/TinyTeX/texmf-dist/tex/latex/adjustbox/trimcl
ip.sty
Package: trimclip 2020/08/19 v1.2 Trim and clip general TeX material

(c:/Users/mkram02/AppData/Roaming/TinyTeX/texmf-dist/tex/latex/collectbox/colle
ctbox.sty
Package: collectbox 2012/05/17 v0.4b Collect macro arguments as boxes
\collectedbox=\box92
)
\tc@llx=\dimen298
\tc@lly=\dimen299
\tc@urx=\dimen300
\tc@ury=\dimen301
Package trimclip Info: Using driver 'tc-xetex.def'.

(c:/Users/mkram02/AppData/Roaming/TinyTeX/texmf-dist/tex/latex/adjustbox/tc-xet
ex.def
File: tc-xetex.def 2019/01/04 v2.2 Clipping driver for xetex
))
\adjbox@Width=\dimen302
\adjbox@Height=\dimen303
\adjbox@Depth=\dimen304
\adjbox@Totalheight=\dimen305
\adjbox@pwidth=\dimen306
\adjbox@pheight=\dimen307
\adjbox@pdepth=\dimen308
\adjbox@ptotalheight=\dimen309

(c:/Users/mkram02/AppData/Roaming/TinyTeX/texmf-dist/tex/latex/varwidth/varwidt
h.sty
Package: varwidth 2009/03/30 ver 0.92;  Variable-width minipages
\@vwid@box=\box93
\sift@deathcycles=\count347
\@vwid@loff=\dimen310
\@vwid@roff=\dimen311
))
(c:/Users/mkram02/AppData/Roaming/TinyTeX/texmf-dist/tex/latex/natbib/natbib.st
y
Package: natbib 2010/09/13 8.31b (PWD, AO)
\bibhang=\skip67
\bibsep=\skip68
LaTeX Info: Redefining \cite on input line 694.
\c@NAT@ctr=\count348
)
No file EPI563-SpatialEPI-eBook.aux.
\openout1 = `EPI563-SpatialEPI-eBook.aux'.

LaTeX Font Info:    Checking defaults for OML/cmm/m/it on input line 242.
LaTeX Font Info:    ... okay on input line 242.
LaTeX Font Info:    Checking defaults for OMS/cmsy/m/n on input line 242.
LaTeX Font Info:    ... okay on input line 242.
LaTeX Font Info:    Checking defaults for OT1/cmr/m/n on input line 242.
LaTeX Font Info:    ... okay on input line 242.
LaTeX Font Info:    Checking defaults for T1/cmr/m/n on input line 242.
LaTeX Font Info:    ... okay on input line 242.
LaTeX Font Info:    Checking defaults for TS1/cmr/m/n on input line 242.
LaTeX Font Info:    ... okay on input line 242.
LaTeX Font Info:    Checking defaults for TU/lmr/m/n on input line 242.
LaTeX Font Info:    ... okay on input line 242.
LaTeX Font Info:    Checking defaults for OMX/cmex/m/n on input line 242.
LaTeX Font Info:    ... okay on input line 242.
LaTeX Font Info:    Checking defaults for U/cmr/m/n on input line 242.
LaTeX Font Info:    ... okay on input line 242.
LaTeX Font Info:    Checking defaults for PD1/pdf/m/n on input line 242.
LaTeX Font Info:    ... okay on input line 242.
LaTeX Font Info:    Checking defaults for PU/pdf/m/n on input line 242.
LaTeX Font Info:    ... okay on input line 242.
LaTeX Font Info:    Overwriting math alphabet `\mathrm' in version `normal'
(Font)                  OT1/lmr/m/n --> TU/lmr/m/n on input line 242.
LaTeX Font Info:    Overwriting math alphabet `\mathit' in version `normal'
(Font)                  OT1/lmr/m/it --> TU/lmr/m/it on input line 242.
LaTeX Font Info:    Overwriting math alphabet `\mathbf' in version `normal'
(Font)                  OT1/lmr/bx/n --> TU/lmr/bx/n on input line 242.
LaTeX Font Info:    Overwriting math alphabet `\mathsf' in version `normal'
(Font)                  OT1/lmss/m/n --> TU/lmss/m/n on input line 242.
LaTeX Font Info:    Overwriting math alphabet `\mathsf' in version `bold'
(Font)                  OT1/lmss/bx/n --> TU/lmss/bx/n on input line 242.
LaTeX Font Info:    Overwriting math alphabet `\mathtt' in version `normal'
(Font)                  OT1/lmtt/m/n --> TU/lmtt/m/n on input line 242.
LaTeX Font Info:    Overwriting math alphabet `\mathtt' in version `bold'
(Font)                  OT1/lmtt/m/n --> TU/lmtt/bx/n on input line 242.

Package fontspec Info: latinmodern-math scale = 0.9999964596882403.


Package fontspec Info: latinmodern-math scale = 0.9999964596882403.


Package fontspec Info: latinmodern-math scale = 0.9999964596882403.


Package fontspec Info: Font family 'latinmodern-math.otf(0)' created for font
(fontspec)             'latinmodern-math.otf' with options
(fontspec)             [Scale=MatchLowercase,BoldItalicFont={},ItalicFont={},Sm
allCapsFont={},Script=Math,BoldFont={latinmodern-math.otf}].
(fontspec)              
(fontspec)              This font family consists of the following NFSS
(fontspec)             series/shapes:
(fontspec)              
(fontspec)             - 'normal' (m/n) with NFSS spec.:
(fontspec)             <->s*[0.9999964596882403]"[latinmodern-math.otf]/OT:scri
pt=math;language=dflt;"
(fontspec)             - 'small caps'  (m/sc) with NFSS spec.: 
(fontspec)             - 'bold' (b/n) with NFSS spec.:
(fontspec)             <->s*[0.9999964596882403]"[latinmodern-math.otf]/OT:scri
pt=math;language=dflt;"
(fontspec)             - 'bold small caps'  (b/sc) with NFSS spec.: 

LaTeX Font Info:    Font shape `TU/latinmodern-math.otf(0)/m/n' will be
(Font)              scaled to size 10.0pt on input line 242.

Package fontspec Info: latinmodern-math scale = 0.9999964596882403.


Package fontspec Info: latinmodern-math scale = 0.9999964596882403.


Package fontspec Info: latinmodern-math scale = 0.9999964596882403.


Package fontspec Info: latinmodern-math scale = 0.9999964596882403.


Package fontspec Info: latinmodern-math scale = 0.9999964596882403.


Package fontspec Info: Font family 'latinmodern-math.otf(1)' created for font
(fontspec)             'latinmodern-math.otf' with options
(fontspec)             [Scale=MatchLowercase,BoldItalicFont={},ItalicFont={},Sm
allCapsFont={},Script=Math,SizeFeatures={{Size=8.5-},{Size=6-8.5,Font=latinmode
rn-math.otf,Style=MathScript},{Size=-6,Font=latinmodern-math.otf,Style=MathScri
ptScript}},BoldFont={latinmodern-math.otf}].
(fontspec)              
(fontspec)              This font family consists of the following NFSS
(fontspec)             series/shapes:
(fontspec)              
(fontspec)             - 'normal' (m/n) with NFSS spec.:
(fontspec)             <8.5->s*[0.9999964596882403]"[latinmodern-math.otf]/OT:s
cript=math;language=dflt;"<6-8.5>s*[0.9999964596882403]"[latinmodern-math.otf]/
OT:script=math;language=dflt;+ssty=0;"<-6>s*[0.9999964596882403]"[latinmodern-m
ath.otf]/OT:script=math;language=dflt;+ssty=1;"
(fontspec)             - 'small caps'  (m/sc) with NFSS spec.: 
(fontspec)             - 'bold' (b/n) with NFSS spec.:
(fontspec)             <->s*[0.9999964596882403]"[latinmodern-math.otf]/OT:scri
pt=math;language=dflt;"
(fontspec)             - 'bold small caps'  (b/sc) with NFSS spec.: 

LaTeX Font Info:    Font shape `TU/latinmodern-math.otf(1)/m/n' will be
(Font)              scaled to size 10.0pt on input line 242.
LaTeX Font Info:    Encoding `OT1' has changed to `TU' for symbol font
(Font)              `operators' in the math version `normal' on input line 242.

LaTeX Font Info:    Overwriting symbol font `operators' in version `normal'
(Font)                  OT1/lmr/m/n --> TU/latinmodern-math.otf(1)/m/n on input
 line 242.
LaTeX Font Info:    Encoding `OT1' has changed to `TU' for symbol font
(Font)              `operators' in the math version `bold' on input line 242.
LaTeX Font Info:    Overwriting symbol font `operators' in version `bold'
(Font)                  OT1/lmr/bx/n --> TU/latinmodern-math.otf(1)/b/n on inpu
t line 242.

Package fontspec Info: latinmodern-math scale = 0.9999964596882403.


Package fontspec Info: latinmodern-math scale = 1.000096459334209.


Package fontspec Info: latinmodern-math scale = 0.9999964596882403.


Package fontspec Info: latinmodern-math scale = 1.000096459334209.


Package fontspec Info: latinmodern-math scale = 0.9999964596882403.


Package fontspec Info: latinmodern-math scale = 1.000096459334209.


Package fontspec Info: latinmodern-math scale = 0.9999964596882403.


Package fontspec Info: latinmodern-math scale = 1.000096459334209.


Package fontspec Info: latinmodern-math scale = 0.9999964596882403.


Package fontspec Info: latinmodern-math scale = 1.000096459334209.


Package fontspec Info: Font family 'latinmodern-math.otf(2)' created for font
(fontspec)             'latinmodern-math.otf' with options
(fontspec)             [Scale=MatchLowercase,BoldItalicFont={},ItalicFont={},Sm
allCapsFont={},Script=Math,SizeFeatures={{Size=8.5-},{Size=6-8.5,Font=latinmode
rn-math.otf,Style=MathScript},{Size=-6,Font=latinmodern-math.otf,Style=MathScri
ptScript}},BoldFont={latinmodern-math.otf},ScaleAgain=1.0001,FontAdjustment={\f
ontdimen
(fontspec)             8\font =6.77pt\relax \fontdimen 9\font =3.94pt\relax
(fontspec)             \fontdimen 10\font =4.44pt\relax \fontdimen 11\font
(fontspec)             =6.86pt\relax \fontdimen 12\font =3.45pt\relax
(fontspec)             \fontdimen 13\font =3.63pt\relax \fontdimen 14\font
(fontspec)             =3.63pt\relax \fontdimen 15\font =2.89pt\relax
(fontspec)             \fontdimen 16\font =2.47pt\relax \fontdimen 17\font
(fontspec)             =2.47pt\relax \fontdimen 18\font =2.5pt\relax
(fontspec)             \fontdimen 19\font =2.0pt\relax \fontdimen 22\font
(fontspec)             =2.5pt\relax \fontdimen 20\font =0pt\relax \fontdimen
(fontspec)             21\font =0pt\relax }].
(fontspec)              
(fontspec)              This font family consists of the following NFSS
(fontspec)             series/shapes:
(fontspec)              
(fontspec)             - 'normal' (m/n) with NFSS spec.:
(fontspec)             <8.5->s*[1.000096459334209]"[latinmodern-math.otf]/OT:sc
ript=math;language=dflt;"<6-8.5>s*[1.000096459334209]"[latinmodern-math.otf]/OT
:script=math;language=dflt;+ssty=0;"<-6>s*[1.000096459334209]"[latinmodern-math
.otf]/OT:script=math;language=dflt;+ssty=1;"
(fontspec)             - 'small caps'  (m/sc) with NFSS spec.: 
(fontspec)             and font adjustment code:
(fontspec)             \fontdimen 8\font =6.77pt\relax \fontdimen 9\font
(fontspec)             =3.94pt\relax \fontdimen 10\font =4.44pt\relax
(fontspec)             \fontdimen 11\font =6.86pt\relax \fontdimen 12\font
(fontspec)             =3.45pt\relax \fontdimen 13\font =3.63pt\relax
(fontspec)             \fontdimen 14\font =3.63pt\relax \fontdimen 15\font
(fontspec)             =2.89pt\relax \fontdimen 16\font =2.47pt\relax
(fontspec)             \fontdimen 17\font =2.47pt\relax \fontdimen 18\font
(fontspec)             =2.5pt\relax \fontdimen 19\font =2.0pt\relax \fontdimen
(fontspec)             22\font =2.5pt\relax \fontdimen 20\font =0pt\relax
(fontspec)             \fontdimen 21\font =0pt\relax 
(fontspec)             - 'bold' (b/n) with NFSS spec.:
(fontspec)             <->s*[1.000096459334209]"[latinmodern-math.otf]/OT:scrip
t=math;language=dflt;"
(fontspec)             - 'bold small caps'  (b/sc) with NFSS spec.: 
(fontspec)             and font adjustment code:
(fontspec)             \fontdimen 8\font =6.77pt\relax \fontdimen 9\font
(fontspec)             =3.94pt\relax \fontdimen 10\font =4.44pt\relax
(fontspec)             \fontdimen 11\font =6.86pt\relax \fontdimen 12\font
(fontspec)             =3.45pt\relax \fontdimen 13\font =3.63pt\relax
(fontspec)             \fontdimen 14\font =3.63pt\relax \fontdimen 15\font
(fontspec)             =2.89pt\relax \fontdimen 16\font =2.47pt\relax
(fontspec)             \fontdimen 17\font =2.47pt\relax \fontdimen 18\font
(fontspec)             =2.5pt\relax \fontdimen 19\font =2.0pt\relax \fontdimen
(fontspec)             22\font =2.5pt\relax \fontdimen 20\font =0pt\relax
(fontspec)             \fontdimen 21\font =0pt\relax 

LaTeX Font Info:    Encoding `OMS' has changed to `TU' for symbol font
(Font)              `symbols' in the math version `normal' on input line 242.
LaTeX Font Info:    Overwriting symbol font `symbols' in version `normal'
(Font)                  OMS/lmsy/m/n --> TU/latinmodern-math.otf(2)/m/n on inpu
t line 242.
LaTeX Font Info:    Encoding `OMS' has changed to `TU' for symbol font
(Font)              `symbols' in the math version `bold' on input line 242.
LaTeX Font Info:    Overwriting symbol font `symbols' in version `bold'
(Font)                  OMS/lmsy/b/n --> TU/latinmodern-math.otf(2)/b/n on inpu
t line 242.

Package fontspec Info: latinmodern-math scale = 0.9999964596882403.


Package fontspec Info: latinmodern-math scale = 0.9998964600422715.


Package fontspec Info: latinmodern-math scale = 0.9999964596882403.


Package fontspec Info: latinmodern-math scale = 0.9998964600422715.


Package fontspec Info: latinmodern-math scale = 0.9999964596882403.


Package fontspec Info: latinmodern-math scale = 0.9998964600422715.


Package fontspec Info: latinmodern-math scale = 0.9999964596882403.


Package fontspec Info: latinmodern-math scale = 0.9998964600422715.


Package fontspec Info: latinmodern-math scale = 0.9999964596882403.


Package fontspec Info: latinmodern-math scale = 0.9998964600422715.


Package fontspec Info: Font family 'latinmodern-math.otf(3)' created for font
(fontspec)             'latinmodern-math.otf' with options
(fontspec)             [Scale=MatchLowercase,BoldItalicFont={},ItalicFont={},Sm
allCapsFont={},Script=Math,SizeFeatures={{Size=8.5-},{Size=6-8.5,Font=latinmode
rn-math.otf,Style=MathScript},{Size=-6,Font=latinmodern-math.otf,Style=MathScri
ptScript}},BoldFont={latinmodern-math.otf},ScaleAgain=0.9999,FontAdjustment={\f
ontdimen
(fontspec)             8\font =0.4pt\relax \fontdimen 9\font =2.0pt\relax
(fontspec)             \fontdimen 10\font =1.67pt\relax \fontdimen 11\font
(fontspec)             =1.11pt\relax \fontdimen 12\font =6.0pt\relax
(fontspec)             \fontdimen 13\font =0pt\relax }].
(fontspec)              
(fontspec)              This font family consists of the following NFSS
(fontspec)             series/shapes:
(fontspec)              
(fontspec)             - 'normal' (m/n) with NFSS spec.:
(fontspec)             <8.5->s*[0.9998964600422715]"[latinmodern-math.otf]/OT:s
cript=math;language=dflt;"<6-8.5>s*[0.9998964600422715]"[latinmodern-math.otf]/
OT:script=math;language=dflt;+ssty=0;"<-6>s*[0.9998964600422715]"[latinmodern-m
ath.otf]/OT:script=math;language=dflt;+ssty=1;"
(fontspec)             - 'small caps'  (m/sc) with NFSS spec.: 
(fontspec)             and font adjustment code:
(fontspec)             \fontdimen 8\font =0.4pt\relax \fontdimen 9\font
(fontspec)             =2.0pt\relax \fontdimen 10\font =1.67pt\relax
(fontspec)             \fontdimen 11\font =1.11pt\relax \fontdimen 12\font
(fontspec)             =6.0pt\relax \fontdimen 13\font =0pt\relax 
(fontspec)             - 'bold' (b/n) with NFSS spec.:
(fontspec)             <->s*[0.9998964600422715]"[latinmodern-math.otf]/OT:scri
pt=math;language=dflt;"
(fontspec)             - 'bold small caps'  (b/sc) with NFSS spec.: 
(fontspec)             and font adjustment code:
(fontspec)             \fontdimen 8\font =0.4pt\relax \fontdimen 9\font
(fontspec)             =2.0pt\relax \fontdimen 10\font =1.67pt\relax
(fontspec)             \fontdimen 11\font =1.11pt\relax \fontdimen 12\font
(fontspec)             =6.0pt\relax \fontdimen 13\font =0pt\relax 

LaTeX Font Info:    Encoding `OMX' has changed to `TU' for symbol font
(Font)              `largesymbols' in the math version `normal' on input line 2
42.
LaTeX Font Info:    Overwriting symbol font `largesymbols' in version `normal'
(Font)                  OMX/lmex/m/n --> TU/latinmodern-math.otf(3)/m/n on inpu
t line 242.
LaTeX Font Info:    Encoding `OMX' has changed to `TU' for symbol font
(Font)              `largesymbols' in the math version `bold' on input line 242
.
LaTeX Font Info:    Overwriting symbol font `largesymbols' in version `bold'
(Font)                  OMX/lmex/m/n --> TU/latinmodern-math.otf(3)/b/n on inpu
t line 242.
Package hyperref Info: Link coloring OFF on input line 242.

(c:/Users/mkram02/AppData/Roaming/TinyTeX/texmf-dist/tex/latex/hyperref/nameref
.sty
Package: nameref 2021-04-02 v2.47 Cross-referencing by name of section

(c:/Users/mkram02/AppData/Roaming/TinyTeX/texmf-dist/tex/latex/refcount/refcoun
t.sty
Package: refcount 2019/12/15 v3.6 Data extraction from label references (HO)
)
(c:/Users/mkram02/AppData/Roaming/TinyTeX/texmf-dist/tex/generic/gettitlestring
/gettitlestring.sty
Package: gettitlestring 2019/12/15 v1.6 Cleanup title references (HO)
)
\c@section@level=\count349
)
LaTeX Info: Redefining \ref on input line 242.
LaTeX Info: Redefining \pageref on input line 242.
LaTeX Info: Redefining \nameref on input line 242.
\@outlinefile=\write5
\openout5 = `EPI563-SpatialEPI-eBook.out'.


Package hyperref Warning: Rerun to get /PageLabels entry.

Package caption Info: Begin \AtBeginDocument code.
Package caption Info: threeparttable package is loaded.
Package caption Info: wrapfig package is loaded.
Package caption Info: End \AtBeginDocument code.
LaTeX Font Info:    Font shape `TU/latinmodern-math.otf(1)/m/n' will be
(Font)              scaled to size 12.0pt on input line 244.
LaTeX Font Info:    Font shape `TU/latinmodern-math.otf(1)/m/n' will be
(Font)              scaled to size 8.0pt on input line 244.
LaTeX Font Info:    Font shape `TU/latinmodern-math.otf(1)/m/n' will be
(Font)              scaled to size 6.0pt on input line 244.
LaTeX Font Info:    Trying to load font information for OML+lmm on input line 2
44.
(c:/Users/mkram02/AppData/Roaming/TinyTeX/texmf-dist/tex/latex/lm/omllmm.fd
File: omllmm.fd 2015/05/01 v1.6.1 Font defs for Latin Modern
)
LaTeX Font Info:    Font shape `TU/latinmodern-math.otf(2)/m/n' will be
(Font)              scaled to size 12.0011pt on input line 244.
LaTeX Font Info:    Font shape `TU/latinmodern-math.otf(2)/m/n' will be
(Font)              scaled to size 8.00073pt on input line 244.
LaTeX Font Info:    Font shape `TU/latinmodern-math.otf(2)/m/n' will be
(Font)              scaled to size 6.00055pt on input line 244.
LaTeX Font Info:    Font shape `TU/latinmodern-math.otf(3)/m/n' will be
(Font)              scaled to size 11.99872pt on input line 244.
LaTeX Font Info:    Font shape `TU/latinmodern-math.otf(3)/m/n' will be
(Font)              scaled to size 7.99915pt on input line 244.
LaTeX Font Info:    Font shape `TU/latinmodern-math.otf(3)/m/n' will be
(Font)              scaled to size 5.99936pt on input line 244.
LaTeX Font Info:    Trying to load font information for U+msa on input line 244
.

(c:/Users/mkram02/AppData/Roaming/TinyTeX/texmf-dist/tex/latex/amsfonts/umsa.fd
File: umsa.fd 2013/01/14 v3.01 AMS symbols A
)
LaTeX Font Info:    Trying to load font information for U+msb on input line 244
.

(c:/Users/mkram02/AppData/Roaming/TinyTeX/texmf-dist/tex/latex/amsfonts/umsb.fd
File: umsb.fd 2013/01/14 v3.01 AMS symbols B
) [1


] [2

]
\tf@toc=\write6
\openout6 = `EPI563-SpatialEPI-eBook.toc'.

[3] [4

]
File: images/John-Snows-cholera-map-of-009.jpg Graphic file (type bmp)
<images/John-Snows-cholera-map-of-009.jpg>
[5]
File: images/caution.png Graphic file (type bmp)
<images/caution.png>
File: images/note.png Graphic file (type bmp)
<images/note.png>
File: images/tip.png Graphic file (type bmp)
<images/tip.png>
File: images/by-nc-sa.png Graphic file (type bmp)
<images/by-nc-sa.png>

Overfull \hbox (6.01004pt too wide) in paragraph at lines 290--292
\TU/lmr/m/n/10 This eBook is licensed under the []Creative Commons Attribution-
NonCommercial-
 []

[6] [7

] [8]
LaTeX Font Info:    Font shape `TU/lmtt/bx/n' in size <14.4> not available
(Font)              Font shape `TU/lmtt/b/n' tried instead on input line 303.
LaTeX Font Info:    Font shape `TU/latinmodern-math.otf(1)/m/n' will be
(Font)              scaled to size 7.0pt on input line 310.
LaTeX Font Info:    Font shape `TU/latinmodern-math.otf(1)/m/n' will be
(Font)              scaled to size 5.0pt on input line 310.
LaTeX Font Info:    Font shape `TU/latinmodern-math.otf(2)/m/n' will be
(Font)              scaled to size 10.00092pt on input line 310.
LaTeX Font Info:    Font shape `TU/latinmodern-math.otf(2)/m/n' will be
(Font)              scaled to size 7.00064pt on input line 310.
LaTeX Font Info:    Font shape `TU/latinmodern-math.otf(2)/m/n' will be
(Font)              scaled to size 5.00046pt on input line 310.
LaTeX Font Info:    Font shape `TU/latinmodern-math.otf(3)/m/n' will be
(Font)              scaled to size 9.99893pt on input line 310.
LaTeX Font Info:    Font shape `TU/latinmodern-math.otf(3)/m/n' will be
(Font)              scaled to size 6.99925pt on input line 310.
LaTeX Font Info:    Font shape `TU/latinmodern-math.otf(3)/m/n' will be
(Font)              scaled to size 4.99947pt on input line 310.
[9

] [10]
File: images/note.png Graphic file (type bmp)
<images/note.png>
File: images/caution.png Graphic file (type bmp)
<images/caution.png>

Underfull \vbox (badness 1655) has occurred while \output is active []

[11

]
Underfull \hbox (badness 1400) in paragraph at lines 360--361
\TU/lmr/m/n/10 While \TU/lmr/bx/n/10 most \TU/lmr/m/n/10 packages can be instal
led as mentioned above (e.g. using
 []

File: images/tip.png Graphic file (type bmp)
<images/tip.png>

Underfull \hbox (badness 1122) in paragraph at lines 384--386
\TU/lmtt/m/n/10 install.packages([]tidyverse[]) \TU/lmr/m/n/10 below, you are a
ctually installing
 []


Underfull \hbox (badness 10000) in paragraph at lines 384--386

 []

[12] [13] [14] [15

] [16]
Chapter 1.

Overfull \hbox (2.0pt too wide) in alignment at lines 495--495
[] 
 []

[17

]
Overfull \hbox (3.0pt too wide) in alignment at lines 606--606
[][] 
 []


LaTeX Warning: Float too large for page by 642.00037pt on input line 609.

File: images/data-models.png Graphic file (type bmp)
<images/data-models.png>
[18] [19]
LaTeX Font Info:    Font shape `TU/lmtt/bx/n' in size <12> not available
(Font)              Font shape `TU/lmtt/b/n' tried instead on input line 640.
LaTeX Font Info:    Font shape `TU/lmtt/bx/n' in size <10> not available
(Font)              Font shape `TU/lmtt/b/n' tried instead on input line 642.
File: images/tip.png Graphic file (type bmp)
<images/tip.png>
[20] [21] [22] [23]
Overfull \hbox (64.5pt too wide) in paragraph at lines 784--784
[]\TU/lmtt/m/n/10 ## Bounding box:  xmin: -84.64195 ymin: 31.0784 xmax: -82.048
58 ymax: 34.49172[] 
 []


Overfull \hbox (59.25pt too wide) in paragraph at lines 786--786
[]\TU/lmtt/m/n/10 ##   GEOID                     NAME MVCRATE_17               
        geometry[] 
 []


Overfull \hbox (59.25pt too wide) in paragraph at lines 787--787
[]\TU/lmtt/m/n/10 ## 1 13001  Appling County, Georgia   53.99276 MULTIPOLYGON (
((-82.55069 3...[] 
 []


Overfull \hbox (59.25pt too wide) in paragraph at lines 788--788
[]\TU/lmtt/m/n/10 ## 2 13003 Atkinson County, Georgia   35.96260 MULTIPOLYGON (
((-83.141 31....[] 
 []


Overfull \hbox (59.25pt too wide) in paragraph at lines 789--789
[]\TU/lmtt/m/n/10 ## 3 13005    Bacon County, Georgia    0.00000 MULTIPOLYGON (
((-82.62819 3...[] 
 []


Overfull \hbox (59.25pt too wide) in paragraph at lines 790--790
[]\TU/lmtt/m/n/10 ## 4 13007    Baker County, Georgia   31.25000 MULTIPOLYGON (
((-84.64166 3...[] 
 []


Overfull \hbox (59.25pt too wide) in paragraph at lines 791--791
[]\TU/lmtt/m/n/10 ## 5 13009  Baldwin County, Georgia   28.94936 MULTIPOLYGON (
((-83.42674 3...[] 
 []


Overfull \hbox (59.25pt too wide) in paragraph at lines 792--792
[]\TU/lmtt/m/n/10 ## 6 13011    Banks County, Georgia   32.19921 MULTIPOLYGON (
((-83.66862 3...[] 
 []

File: images/note.png Graphic file (type bmp)
<images/note.png>
[24] [25]
Overfull \hbox (80.25pt too wide) in paragraph at lines 839--839
[]\TU/lmtt/m/n/10 ## Warning: plotting the first 10 out of 17 attributes; use m
ax.plot = 17 to plot 
 []

File: 01-locating-spatial-epi_files/figure-latex/unnamed-chunk-10-1.pdf Graphic
 file (type pdf)
<use 01-locating-spatial-epi_files/figure-latex/unnamed-chunk-10-1.pdf>
File: 01-locating-spatial-epi_files/figure-latex/unnamed-chunk-11-1.pdf Graphic
 file (type pdf)
<use 01-locating-spatial-epi_files/figure-latex/unnamed-chunk-11-1.pdf>

Underfull \vbox (badness 10000) has occurred while \output is active []

[26]
File: 01-locating-spatial-epi_files/figure-latex/unnamed-chunk-11-2.pdf Graphic
 file (type pdf)
<use 01-locating-spatial-epi_files/figure-latex/unnamed-chunk-11-2.pdf>
[27]
File: 01-locating-spatial-epi_files/figure-latex/unnamed-chunk-13-1.pdf Graphic
 file (type pdf)
<use 01-locating-spatial-epi_files/figure-latex/unnamed-chunk-13-1.pdf>
[28]
File: images/caution.png Graphic file (type bmp)
<images/caution.png>
File: images/compare-crs.jpg Graphic file (type bmp)
<images/compare-crs.jpg>
[29] [30]
File: 01-locating-spatial-epi_files/figure-latex/unnamed-chunk-18-1.pdf Graphic
 file (type pdf)
<use 01-locating-spatial-epi_files/figure-latex/unnamed-chunk-18-1.pdf>

Underfull \vbox (badness 10000) has occurred while \output is active []

[31]
File: images/note.png Graphic file (type bmp)
<images/note.png>
[32] [33] [34

]
Chapter 2.

Overfull \hbox (2.0pt too wide) in alignment at lines 1057--1057
[] 
 []


Overfull \hbox (3.0pt too wide) in alignment at lines 1159--1159
[][] 
 []


LaTeX Warning: Float too large for page by 373.90033pt on input line 1162.


Underfull \vbox (badness 1616) has occurred while \output is active []

[35]
Underfull \hbox (badness 1852) in paragraph at lines 1173--1174
[]\TU/lmr/m/n/10 Disease mapping can be used to provide \TU/lmr/m/it/10 visual 
cues \TU/lmr/m/n/10 about
 []


Underfull \hbox (badness 1122) in paragraph at lines 1173--1174
\TU/lmr/m/n/10 pattern or spatial structure of disease, potential detection of
 []

[36]
File: images/palette-sequential.png Graphic file (type bmp)
<images/palette-sequential.png>
File: images/note.png Graphic file (type bmp)
<images/note.png>
[37]
File: images/palette-diverging.png Graphic file (type bmp)
<images/palette-diverging.png>
File: images/diverge-smr.png Graphic file (type bmp)
<images/diverge-smr.png>
[38]
File: images/cutpoints-vlbw.png Graphic file (type bmp)
<images/cutpoints-vlbw.png>

Package natbib Warning: Citation `brewer_evaluation_2002' on page 39 undefined 
on input line 1247.

[39]
File: images/time-series-ga-same-cuts.png Graphic file (type bmp)
<images/time-series-ga-same-cuts.png>
[40] [41]
File: images/time-series-us-quantiles.jpg Graphic file (type bmp)
<images/time-series-us-quantiles.jpg>

Underfull \vbox (badness 10000) has occurred while \output is active []

[42]
File: images/caution.png Graphic file (type bmp)
<images/caution.png>
[43]
File: images/tip.png Graphic file (type bmp)
<images/tip.png>
[44]
File: images/note.png Graphic file (type bmp)
<images/note.png>

Underfull \vbox (badness 10000) has occurred while \output is active []

[45] [46]
File: images/acs-var-view.PNG Graphic file (type bmp)
<images/acs-var-view.PNG>
[47]
Overfull \hbox (33.0pt too wide) in paragraph at lines 1447--1447
[]\TU/lmtt/m/n/10 ##  [1] "B27001_001" "B27001_005" "B27001_008" "B27001_011" "
B27001_014" 
 []


Overfull \hbox (33.0pt too wide) in paragraph at lines 1448--1448
[]\TU/lmtt/m/n/10 ##  [6] "B27001_017" "B27001_020" "B27001_023" "B27001_026" "
B27001_029"[] 
 []


Overfull \hbox (33.0pt too wide) in paragraph at lines 1449--1449
[]\TU/lmtt/m/n/10 ## [11] "B27001_033" "B27001_036" "B27001_039" "B27001_042" "
B27001_045"[] 
 []


! LaTeX Error: Environment rmdwarning undefined.

See the LaTeX manual or LaTeX Companion for explanation.
Type  H <return>  for immediate help.
 ...                                              
                                                  
l.1486 \begin{rmdwarning}
                          
Here is how much of TeX's memory you used:
 31291 strings out of 478475
 634040 string characters out of 5857362
 1055244 words of memory out of 5000000
 51080 multiletter control sequences out of 15000+600000
 410059 words of font info for 90 fonts, out of 8000000 for 9000
 14 hyphenation exceptions out of 8191
 87i,17n,120p,1091b,825s stack positions out of 5000i,500n,10000p,200000b,80000s

Output written on EPI563-SpatialEPI-eBook.pdf (47 pages).
