This is XeTeX, Version 3.14159265-2.6-0.999992 (TeX Live 2020/W32TeX) (preloaded format=xelatex 2020.10.4)  4 OCT 2020 13:52
entering extended mode
 restricted \write18 enabled.
 %&-line parsing enabled.
**EPI563-SpatialEPI.tex
(./EPI563-SpatialEPI.tex
LaTeX2e <2020-10-01>
L3 programming layer <2020-09-24> xparse <2020-03-03> (c:/Users/mkram02/AppData
/Roaming/TinyTeX/texmf-dist/tex/latex/base/book.cls
Document Class: book 2020/04/10 v1.4m Standard LaTeX document class
(c:/Users/mkram02/AppData/Roaming/TinyTeX/texmf-dist/tex/latex/base/bk10.clo
File: bk10.clo 2020/04/10 v1.4m Standard LaTeX file (size option)
)
\c@part=\count171
\c@chapter=\count172
\c@section=\count173
\c@subsection=\count174
\c@subsubsection=\count175
\c@paragraph=\count176
\c@subparagraph=\count177
\c@figure=\count178
\c@table=\count179
\abovecaptionskip=\skip47
\belowcaptionskip=\skip48
\bibindent=\dimen138
) (c:/Users/mkram02/AppData/Roaming/TinyTeX/texmf-dist/tex/latex/lm/lmodern.sty
Package: lmodern 2009/10/30 v1.6 Latin Modern Fonts
LaTeX Font Info:    Overwriting symbol font `operators' in version `normal'
(Font)                  OT1/cmr/m/n --> OT1/lmr/m/n on input line 22.
LaTeX Font Info:    Overwriting symbol font `letters' in version `normal'
(Font)                  OML/cmm/m/it --> OML/lmm/m/it on input line 23.
LaTeX Font Info:    Overwriting symbol font `symbols' in version `normal'
(Font)                  OMS/cmsy/m/n --> OMS/lmsy/m/n on input line 24.
LaTeX Font Info:    Overwriting symbol font `largesymbols' in version `normal'
(Font)                  OMX/cmex/m/n --> OMX/lmex/m/n on input line 25.
LaTeX Font Info:    Overwriting symbol font `operators' in version `bold'
(Font)                  OT1/cmr/bx/n --> OT1/lmr/bx/n on input line 26.
LaTeX Font Info:    Overwriting symbol font `letters' in version `bold'
(Font)                  OML/cmm/b/it --> OML/lmm/b/it on input line 27.
LaTeX Font Info:    Overwriting symbol font `symbols' in version `bold'
(Font)                  OMS/cmsy/b/n --> OMS/lmsy/b/n on input line 28.
LaTeX Font Info:    Overwriting symbol font `largesymbols' in version `bold'
(Font)                  OMX/cmex/m/n --> OMX/lmex/m/n on input line 29.
LaTeX Font Info:    Overwriting math alphabet `\mathbf' in version `normal'
(Font)                  OT1/cmr/bx/n --> OT1/lmr/bx/n on input line 31.
LaTeX Font Info:    Overwriting math alphabet `\mathsf' in version `normal'
(Font)                  OT1/cmss/m/n --> OT1/lmss/m/n on input line 32.
LaTeX Font Info:    Overwriting math alphabet `\mathit' in version `normal'
(Font)                  OT1/cmr/m/it --> OT1/lmr/m/it on input line 33.
LaTeX Font Info:    Overwriting math alphabet `\mathtt' in version `normal'
(Font)                  OT1/cmtt/m/n --> OT1/lmtt/m/n on input line 34.
LaTeX Font Info:    Overwriting math alphabet `\mathbf' in version `bold'
(Font)                  OT1/cmr/bx/n --> OT1/lmr/bx/n on input line 35.
LaTeX Font Info:    Overwriting math alphabet `\mathsf' in version `bold'
(Font)                  OT1/cmss/bx/n --> OT1/lmss/bx/n on input line 36.
LaTeX Font Info:    Overwriting math alphabet `\mathit' in version `bold'
(Font)                  OT1/cmr/bx/it --> OT1/lmr/bx/it on input line 37.
LaTeX Font Info:    Overwriting math alphabet `\mathtt' in version `bold'
(Font)                  OT1/cmtt/m/n --> OT1/lmtt/m/n on input line 38.
)
(c:/Users/mkram02/AppData/Roaming/TinyTeX/texmf-dist/tex/latex/amsfonts/amssymb
.sty
Package: amssymb 2013/01/14 v3.01 AMS font symbols

(c:/Users/mkram02/AppData/Roaming/TinyTeX/texmf-dist/tex/latex/amsfonts/amsfont
s.sty
Package: amsfonts 2013/01/14 v3.01 Basic AMSFonts support
\@emptytoks=\toks15
\symAMSa=\mathgroup4
\symAMSb=\mathgroup5
LaTeX Font Info:    Redeclaring math symbol \hbar on input line 98.
LaTeX Font Info:    Overwriting math alphabet `\mathfrak' in version `bold'
(Font)                  U/euf/m/n --> U/euf/b/n on input line 106.
))
(c:/Users/mkram02/AppData/Roaming/TinyTeX/texmf-dist/tex/latex/amsmath/amsmath.
sty
Package: amsmath 2020/09/23 v2.17i AMS math features
\@mathmargin=\skip49
For additional information on amsmath, use the `?' option.

(c:/Users/mkram02/AppData/Roaming/TinyTeX/texmf-dist/tex/latex/amsmath/amstext.
sty
Package: amstext 2000/06/29 v2.01 AMS text

(c:/Users/mkram02/AppData/Roaming/TinyTeX/texmf-dist/tex/latex/amsmath/amsgen.s
ty
File: amsgen.sty 1999/11/30 v2.0 generic functions
\@emptytoks=\toks16
\ex@=\dimen139
))
(c:/Users/mkram02/AppData/Roaming/TinyTeX/texmf-dist/tex/latex/amsmath/amsbsy.s
ty
Package: amsbsy 1999/11/29 v1.2d Bold Symbols
\pmbraise@=\dimen140
)
(c:/Users/mkram02/AppData/Roaming/TinyTeX/texmf-dist/tex/latex/amsmath/amsopn.s
ty
Package: amsopn 2016/03/08 v2.02 operator names
)
\inf@bad=\count180
LaTeX Info: Redefining \frac on input line 234.
\uproot@=\count181
\leftroot@=\count182
LaTeX Info: Redefining \overline on input line 399.
\classnum@=\count183
\DOTSCASE@=\count184
LaTeX Info: Redefining \ldots on input line 496.
LaTeX Info: Redefining \dots on input line 499.
LaTeX Info: Redefining \cdots on input line 620.
\Mathstrutbox@=\box47
\strutbox@=\box48
\big@size=\dimen141
LaTeX Font Info:    Redeclaring font encoding OML on input line 743.
LaTeX Font Info:    Redeclaring font encoding OMS on input line 744.
\macc@depth=\count185
\c@MaxMatrixCols=\count186
\dotsspace@=\muskip16
\c@parentequation=\count187
\dspbrk@lvl=\count188
\tag@help=\toks17
\row@=\count189
\column@=\count190
\maxfields@=\count191
\andhelp@=\toks18
\eqnshift@=\dimen142
\alignsep@=\dimen143
\tagshift@=\dimen144
\tagwidth@=\dimen145
\totwidth@=\dimen146
\lineht@=\dimen147
\@envbody=\toks19
\multlinegap=\skip50
\multlinetaggap=\skip51
\mathdisplay@stack=\toks20
LaTeX Info: Redefining \[ on input line 2923.
LaTeX Info: Redefining \] on input line 2924.
)
(c:/Users/mkram02/AppData/Roaming/TinyTeX/texmf-dist/tex/generic/iftex/ifxetex.
sty
Package: ifxetex 2019/10/25 v0.7 ifxetex legacy package. Use iftex instead.

(c:/Users/mkram02/AppData/Roaming/TinyTeX/texmf-dist/tex/generic/iftex/iftex.st
y
Package: iftex 2020/03/06 v1.0d TeX engine tests
))
(c:/Users/mkram02/AppData/Roaming/TinyTeX/texmf-dist/tex/generic/iftex/ifluatex
.sty
Package: ifluatex 2019/10/25 v1.5 ifluatex legacy package. Use iftex instead.
)
(c:/Users/mkram02/AppData/Roaming/TinyTeX/texmf-dist/tex/latex/unicode-math/uni
code-math.sty
(c:/Users/mkram02/AppData/Roaming/TinyTeX/texmf-dist/tex/latex/l3kernel/expl3.s
ty
Package: expl3 2020-09-24 L3 programming layer (loader) 

(c:/Users/mkram02/AppData/Roaming/TinyTeX/texmf-dist/tex/latex/l3backend/l3back
end-xetex.def
File: l3backend-xetex.def 2020-09-24 L3 backend support: XeTeX
\g__graphics_track_int=\count192
\l__pdf_internal_box=\box49
\g__pdf_backend_object_int=\count193
\g__pdf_backend_annotation_int=\count194
))
Package: unicode-math 2020/01/31 v0.8q Unicode maths in XeLaTeX and LuaLaTeX

(c:/Users/mkram02/AppData/Roaming/TinyTeX/texmf-dist/tex/latex/unicode-math/uni
code-math-xetex.sty
Package: unicode-math-xetex 2020/01/31 v0.8q Unicode maths in XeLaTeX and LuaLa
TeX

(c:/Users/mkram02/AppData/Roaming/TinyTeX/texmf-dist/tex/latex/l3packages/xpars
e/xparse.sty
Package: xparse 2020-05-15 L3 Experimental document command parser

(c:/Users/mkram02/AppData/Roaming/TinyTeX/texmf-dist/tex/latex/l3packages/xpars
e/xparse-generic.tex))
(c:/Users/mkram02/AppData/Roaming/TinyTeX/texmf-dist/tex/latex/l3packages/l3key
s2e/l3keys2e.sty
Package: l3keys2e 2020-05-15 LaTeX2e option processing using LaTeX3 keys
)
(c:/Users/mkram02/AppData/Roaming/TinyTeX/texmf-dist/tex/latex/fontspec/fontspe
c.sty
Package: fontspec 2020/02/21 v2.7i Font selection for XeLaTeX and LuaLaTeX

(c:/Users/mkram02/AppData/Roaming/TinyTeX/texmf-dist/tex/latex/fontspec/fontspe
c-xetex.sty
Package: fontspec-xetex 2020/02/21 v2.7i Font selection for XeLaTeX and LuaLaTe
X
\l__fontspec_script_int=\count195
\l__fontspec_language_int=\count196
\l__fontspec_strnum_int=\count197
\l__fontspec_tmp_int=\count198
\l__fontspec_tmpa_int=\count199
\l__fontspec_tmpb_int=\count266
\l__fontspec_tmpc_int=\count267
\l__fontspec_em_int=\count268
\l__fontspec_emdef_int=\count269
\l__fontspec_strong_int=\count270
\l__fontspec_strongdef_int=\count271
\l__fontspec_tmpa_dim=\dimen148
\l__fontspec_tmpb_dim=\dimen149
\l__fontspec_tmpc_dim=\dimen150

(c:/Users/mkram02/AppData/Roaming/TinyTeX/texmf-dist/tex/latex/base/fontenc.sty
Package: fontenc 2020/08/10 v2.0s Standard LaTeX package
)
(c:/Users/mkram02/AppData/Roaming/TinyTeX/texmf-dist/tex/latex/fontspec/fontspe
c.cfg))) (c:/Users/mkram02/AppData/Roaming/TinyTeX/texmf-dist/tex/latex/base/fi
x-cm.sty
Package: fix-cm 2015/01/14 v1.1t fixes to LaTeX
(c:/Users/mkram02/AppData/Roaming/TinyTeX/texmf-dist/tex/latex/base/ts1enc.def
File: ts1enc.def 2001/06/05 v3.0e (jk/car/fm) Standard LaTeX file
LaTeX Font Info:    Redeclaring font encoding TS1 on input line 47.
))
\g__um_fam_int=\count272
\g__um_fonts_used_int=\count273
\l__um_primecount_int=\count274
\g__um_primekern_muskip=\muskip17

(c:/Users/mkram02/AppData/Roaming/TinyTeX/texmf-dist/tex/latex/unicode-math/uni
code-math-table.tex)))
(c:/Users/mkram02/AppData/Roaming/TinyTeX/texmf-dist/tex/latex/xcolor/xcolor.st
y
Package: xcolor 2016/05/11 v2.12 LaTeX color extensions (UK)

(c:/Users/mkram02/AppData/Roaming/TinyTeX/texmf-dist/tex/latex/graphics-cfg/col
or.cfg
File: color.cfg 2016/01/02 v1.6 sample color configuration
)
Package xcolor Info: Driver file: xetex.def on input line 225.

(c:/Users/mkram02/AppData/Roaming/TinyTeX/texmf-dist/tex/latex/graphics-def/xet
ex.def
File: xetex.def 2020/08/26 v5.0i Graphics/color driver for xetex
)
Package xcolor Info: Model `cmy' substituted by `cmy0' on input line 1348.
Package xcolor Info: Model `RGB' extended on input line 1364.
Package xcolor Info: Model `HTML' substituted by `rgb' on input line 1366.
Package xcolor Info: Model `Hsb' substituted by `hsb' on input line 1367.
Package xcolor Info: Model `tHsb' substituted by `hsb' on input line 1368.
Package xcolor Info: Model `HSB' substituted by `hsb' on input line 1369.
Package xcolor Info: Model `Gray' substituted by `gray' on input line 1370.
Package xcolor Info: Model `wave' substituted by `hsb' on input line 1371.
)
(c:/Users/mkram02/AppData/Roaming/TinyTeX/texmf-dist/tex/latex/hyperref/hyperre
f.sty
Package: hyperref 2020-05-15 v7.00e Hypertext links for LaTeX

(c:/Users/mkram02/AppData/Roaming/TinyTeX/texmf-dist/tex/generic/ltxcmds/ltxcmd
s.sty
Package: ltxcmds 2020-05-10 v1.25 LaTeX kernel commands for general use (HO)
)
(c:/Users/mkram02/AppData/Roaming/TinyTeX/texmf-dist/tex/generic/pdftexcmds/pdf
texcmds.sty
Package: pdftexcmds 2020-06-27 v0.33 Utility functions of pdfTeX for LuaTeX (HO
)

(c:/Users/mkram02/AppData/Roaming/TinyTeX/texmf-dist/tex/generic/infwarerr/infw
arerr.sty
Package: infwarerr 2019/12/03 v1.5 Providing info/warning/error messages (HO)
)
Package pdftexcmds Info: \pdf@primitive is available.
Package pdftexcmds Info: \pdf@ifprimitive is available.
Package pdftexcmds Info: \pdfdraftmode not found.
)
(c:/Users/mkram02/AppData/Roaming/TinyTeX/texmf-dist/tex/latex/graphics/keyval.
sty
Package: keyval 2014/10/28 v1.15 key=value parser (DPC)
\KV@toks@=\toks21
)
(c:/Users/mkram02/AppData/Roaming/TinyTeX/texmf-dist/tex/generic/kvsetkeys/kvse
tkeys.sty
Package: kvsetkeys 2019/12/15 v1.18 Key value parser (HO)
)
(c:/Users/mkram02/AppData/Roaming/TinyTeX/texmf-dist/tex/generic/kvdefinekeys/k
vdefinekeys.sty
Package: kvdefinekeys 2019-12-19 v1.6 Define keys (HO)
)
(c:/Users/mkram02/AppData/Roaming/TinyTeX/texmf-dist/tex/generic/pdfescape/pdfe
scape.sty
Package: pdfescape 2019/12/09 v1.15 Implements pdfTeX's escape features (HO)
)
(c:/Users/mkram02/AppData/Roaming/TinyTeX/texmf-dist/tex/latex/hycolor/hycolor.
sty
Package: hycolor 2020-01-27 v1.10 Color options for hyperref/bookmark (HO)
)
(c:/Users/mkram02/AppData/Roaming/TinyTeX/texmf-dist/tex/latex/letltxmacro/letl
txmacro.sty
Package: letltxmacro 2019/12/03 v1.6 Let assignment for LaTeX macros (HO)
)
(c:/Users/mkram02/AppData/Roaming/TinyTeX/texmf-dist/tex/latex/auxhook/auxhook.
sty
Package: auxhook 2019-12-17 v1.6 Hooks for auxiliary files (HO)
)
(c:/Users/mkram02/AppData/Roaming/TinyTeX/texmf-dist/tex/latex/kvoptions/kvopti
ons.sty
Package: kvoptions 2019/11/29 v3.13 Key value format for package options (HO)
)
\@linkdim=\dimen151
\Hy@linkcounter=\count275
\Hy@pagecounter=\count276

(c:/Users/mkram02/AppData/Roaming/TinyTeX/texmf-dist/tex/latex/hyperref/pd1enc.
def
File: pd1enc.def 2020-05-15 v7.00e Hyperref: PDFDocEncoding definition (HO)
)
(c:/Users/mkram02/AppData/Roaming/TinyTeX/texmf-dist/tex/generic/intcalc/intcal
c.sty
Package: intcalc 2019/12/15 v1.3 Expandable calculations with integers (HO)
)
(c:/Users/mkram02/AppData/Roaming/TinyTeX/texmf-dist/tex/generic/etexcmds/etexc
mds.sty
Package: etexcmds 2019/12/15 v1.7 Avoid name clashes with e-TeX commands (HO)
)
\Hy@SavedSpaceFactor=\count277
Package hyperref Info: Option `unicode' set `true' on input line 4338.

(c:/Users/mkram02/AppData/Roaming/TinyTeX/texmf-dist/tex/latex/hyperref/puenc.d
ef
File: puenc.def 2020-05-15 v7.00e Hyperref: PDF Unicode definition (HO)
)
Package hyperref Info: Hyper figures OFF on input line 4464.
Package hyperref Info: Link nesting OFF on input line 4469.
Package hyperref Info: Hyper index ON on input line 4472.
Package hyperref Info: Plain pages OFF on input line 4479.
Package hyperref Info: Backreferencing OFF on input line 4484.
Package hyperref Info: Implicit mode ON; LaTeX internals redefined.
Package hyperref Info: Bookmarks ON on input line 4717.
\c@Hy@tempcnt=\count278
(c:/Users/mkram02/AppData/Roaming/TinyTeX/texmf-dist/tex/latex/url/url.sty
\Urlmuskip=\muskip18
Package: url 2013/09/16  ver 3.4  Verb mode for urls, etc.
)
LaTeX Info: Redefining \url on input line 5076.
\XeTeXLinkMargin=\dimen152

(c:/Users/mkram02/AppData/Roaming/TinyTeX/texmf-dist/tex/generic/bitset/bitset.
sty
Package: bitset 2019/12/09 v1.3 Handle bit-vector datatype (HO)

(c:/Users/mkram02/AppData/Roaming/TinyTeX/texmf-dist/tex/generic/bigintcalc/big
intcalc.sty
Package: bigintcalc 2019/12/15 v1.5 Expandable calculations on big integers (HO
)
))
\Fld@menulength=\count279
\Field@Width=\dimen153
\Fld@charsize=\dimen154
Package hyperref Info: Hyper figures OFF on input line 6347.
Package hyperref Info: Link nesting OFF on input line 6352.
Package hyperref Info: Hyper index ON on input line 6355.
Package hyperref Info: backreferencing OFF on input line 6362.
Package hyperref Info: Link coloring OFF on input line 6367.
Package hyperref Info: Link coloring with OCG OFF on input line 6372.
Package hyperref Info: PDF/A mode OFF on input line 6377.
LaTeX Info: Redefining \ref on input line 6417.
LaTeX Info: Redefining \pageref on input line 6421.

(c:/Users/mkram02/AppData/Roaming/TinyTeX/texmf-dist/tex/latex/base/atbegshi-lt
x.sty
Package: atbegshi-ltx 2020/08/17 v1.0a Emulation of the original atbegshi packa
ge
with kernel methods
)
\Hy@abspage=\count280
\c@Item=\count281
\c@Hfootnote=\count282
)
Package hyperref Info: Driver (autodetected): hxetex.

(c:/Users/mkram02/AppData/Roaming/TinyTeX/texmf-dist/tex/latex/hyperref/hxetex.
def
File: hxetex.def 2020-05-15 v7.00e Hyperref driver for XeTeX

(c:/Users/mkram02/AppData/Roaming/TinyTeX/texmf-dist/tex/generic/stringenc/stri
ngenc.sty
Package: stringenc 2019/11/29 v1.12 Convert strings between diff. encodings (HO
)
)
\pdfm@box=\box50
\c@Hy@AnnotLevel=\count283
\HyField@AnnotCount=\count284
\Fld@listcount=\count285
\c@bookmark@seq@number=\count286

(c:/Users/mkram02/AppData/Roaming/TinyTeX/texmf-dist/tex/latex/rerunfilecheck/r
erunfilecheck.sty
Package: rerunfilecheck 2019/12/05 v1.9 Rerun checks for auxiliary files (HO)

(c:/Users/mkram02/AppData/Roaming/TinyTeX/texmf-dist/tex/latex/base/atveryend-l
tx.sty
Package: atveryend-ltx 2020/08/19 v1.0a Emulation of the original atvery packag
e
with kernel methods
)
(c:/Users/mkram02/AppData/Roaming/TinyTeX/texmf-dist/tex/generic/uniquecounter/
uniquecounter.sty
Package: uniquecounter 2019/12/15 v1.4 Provide unlimited unique counter (HO)
)
Package uniquecounter Info: New unique counter `rerunfilecheck' on input line 2
86.
)
\Hy@SectionHShift=\skip52
)
(c:/Users/mkram02/AppData/Roaming/TinyTeX/texmf-dist/tex/latex/listings/listing
s.sty
\lst@mode=\count287
\lst@gtempboxa=\box51
\lst@token=\toks22
\lst@length=\count288
\lst@currlwidth=\dimen155
\lst@column=\count289
\lst@pos=\count290
\lst@lostspace=\dimen156
\lst@width=\dimen157
\lst@newlines=\count291
\lst@lineno=\count292
\lst@maxwidth=\dimen158

(c:/Users/mkram02/AppData/Roaming/TinyTeX/texmf-dist/tex/latex/listings/lstmisc
.sty
File: lstmisc.sty 2020/03/24 1.8d (Carsten Heinz)
\c@lstnumber=\count293
\lst@skipnumbers=\count294
\lst@framebox=\box52
)
(c:/Users/mkram02/AppData/Roaming/TinyTeX/texmf-dist/tex/latex/listings/listing
s.cfg
File: listings.cfg 2020/03/24 1.8d listings configuration
))
Package: listings 2020/03/24 1.8d (Carsten Heinz)

(c:/Users/mkram02/AppData/Roaming/TinyTeX/texmf-dist/tex/latex/tools/longtable.
sty
Package: longtable 2020/01/07 v4.13 Multi-page Table package (DPC)
\LTleft=\skip53
\LTright=\skip54
\LTpre=\skip55
\LTpost=\skip56
\LTchunksize=\count295
\LTcapwidth=\dimen159
\LT@head=\box53
\LT@firsthead=\box54
\LT@foot=\box55
\LT@lastfoot=\box56
\LT@cols=\count296
\LT@rows=\count297
\c@LT@tables=\count298
\c@LT@chunks=\count299
\LT@p@ftn=\toks23
)
(c:/Users/mkram02/AppData/Roaming/TinyTeX/texmf-dist/tex/latex/booktabs/booktab
s.sty
Package: booktabs 2020/01/12 v1.61803398 Publication quality tables
\heavyrulewidth=\dimen160
\lightrulewidth=\dimen161
\cmidrulewidth=\dimen162
\belowrulesep=\dimen163
\belowbottomsep=\dimen164
\aboverulesep=\dimen165
\abovetopsep=\dimen166
\cmidrulesep=\dimen167
\cmidrulekern=\dimen168
\defaultaddspace=\dimen169
\@cmidla=\count300
\@cmidlb=\count301
\@aboverulesep=\dimen170
\@belowrulesep=\dimen171
\@thisruleclass=\count302
\@lastruleclass=\count303
\@thisrulewidth=\dimen172
)
(c:/Users/mkram02/AppData/Roaming/TinyTeX/texmf-dist/tex/latex/etoolbox/etoolbo
x.sty
Package: etoolbox 2020/08/24 v2.5j e-TeX tools for LaTeX (JAW)
\etb@tempcnta=\count304
)
(c:/Users/mkram02/AppData/Roaming/TinyTeX/texmf-dist/tex/latex/mdwtools/footnot
e.sty
Package: footnote 1997/01/28 1.13 Save footnotes around boxes
\fn@notes=\box57
\fn@width=\dimen173
)
(c:/Users/mkram02/AppData/Roaming/TinyTeX/texmf-dist/tex/latex/graphics/graphic
x.sty
Package: graphicx 2020/09/09 v1.2b Enhanced LaTeX Graphics (DPC,SPQR)

(c:/Users/mkram02/AppData/Roaming/TinyTeX/texmf-dist/tex/latex/graphics/graphic
s.sty
Package: graphics 2020/08/30 v1.4c Standard LaTeX Graphics (DPC,SPQR)

(c:/Users/mkram02/AppData/Roaming/TinyTeX/texmf-dist/tex/latex/graphics/trig.st
y
Package: trig 2016/01/03 v1.10 sin cos tan (DPC)
)
(c:/Users/mkram02/AppData/Roaming/TinyTeX/texmf-dist/tex/latex/graphics-cfg/gra
phics.cfg
File: graphics.cfg 2016/06/04 v1.11 sample graphics configuration
)
Package graphics Info: Driver file: xetex.def on input line 105.
)
\Gin@req@height=\dimen174
\Gin@req@width=\dimen175
)
(c:/Users/mkram02/AppData/Roaming/TinyTeX/texmf-dist/tex/latex/amscls/amsthm.st
y
Package: amsthm 2020/05/29 v2.20.6
\thm@style=\toks24
\thm@bodyfont=\toks25
\thm@headfont=\toks26
\thm@notefont=\toks27
\thm@headpunct=\toks28
\thm@preskip=\skip57
\thm@postskip=\skip58
\thm@headsep=\skip59
\dth@everypar=\toks29
) (c:/Users/mkram02/AppData/Roaming/TinyTeX/texmf-dist/tex/latex/tools/array.st
y
Package: array 2020/10/01 v2.5c Tabular extension package (FMi)
\col@sep=\dimen176
\ar@mcellbox=\box58
\extrarowheight=\dimen177
\NC@list=\toks30
\extratabsurround=\skip60
\backup@length=\skip61
\ar@cellbox=\box59
)
(c:/Users/mkram02/AppData/Roaming/TinyTeX/texmf-dist/tex/latex/caption/caption.
sty
Package: caption 2020/09/12 v3.5b Customizing captions (AR)

(c:/Users/mkram02/AppData/Roaming/TinyTeX/texmf-dist/tex/latex/caption/caption3
.sty
Package: caption3 2020/09/17 v2.1b caption3 kernel (AR)
\captionmargin=\dimen178
\captionmargin@=\dimen179
\captionwidth=\dimen180
\caption@tempdima=\dimen181
\caption@indent=\dimen182
\caption@parindent=\dimen183
\caption@hangindent=\dimen184
Package caption Info: Standard document class detected.
)
\c@caption@flags=\count305
\c@continuedfloat=\count306
Package caption Info: hyperref package is loaded.
Package caption Info: listings package is loaded.
Package caption Info: longtable package is loaded.

(c:/Users/mkram02/AppData/Roaming/TinyTeX/texmf-dist/tex/latex/caption/ltcaptio
n.sty
Package: ltcaption 2020/05/30 v1.4b longtable captions (AR)
))
(c:/Users/mkram02/AppData/Roaming/TinyTeX/texmf-dist/tex/latex/siunitx/siunitx.
sty
Package: siunitx 2020/02/25 v2.8b A comprehensive (SI) units package
\l__siunitx_tmp_box=\box60
\l__siunitx_tmp_dim=\dimen185
\l__siunitx_tmp_int=\count307
\l__siunitx_number_mantissa_length_int=\count308
\l__siunitx_number_uncert_length_int=\count309
\l__siunitx_round_int=\count310
\l__siunitx_process_decimal_int=\count311
\l__siunitx_process_uncertainty_int=\count312
\l__siunitx_process_fixed_int=\count313
\l__siunitx_process_integer_min_int=\count314
\l__siunitx_process_precision_int=\count315
\l__siunitx_group_min_int=\count316
\l__siunitx_angle_marker_box=\box61
\l__siunitx_angle_unit_box=\box62
\l__siunitx_angle_marker_dim=\dimen186
\l__siunitx_angle_unit_dim=\dimen187
\l__siunitx_unit_int=\count317
\l__siunitx_unit_denominator_int=\count318
\l__siunitx_unit_numerator_int=\count319
\l__siunitx_unit_prefix_int=\count320
\l__siunitx_unit_prefix_base_int=\count321
\l__siunitx_unit_prefix_gram_int=\count322
\l__siunitx_number_product_int=\count323
\c__siunitx_one_fill_skip=\skip62
\l__siunitx_table_unit_align_skip=\skip63
\l__siunitx_table_exponent_dim=\dimen188
\l__siunitx_table_integer_dim=\dimen189
\l__siunitx_table_mantissa_dim=\dimen190
\l__siunitx_table_marker_dim=\dimen191
\l__siunitx_table_result_dim=\dimen192
\l__siunitx_table_uncert_dim=\dimen193
\l__siunitx_table_fill_pre_dim=\dimen194
\l__siunitx_table_fill_post_dim=\dimen195
\l__siunitx_table_fill_mid_dim=\dimen196
\l__siunitx_table_pre_box=\box63
\l__siunitx_table_post_box=\box64
\l__siunitx_table_mantissa_box=\box65
\l__siunitx_table_result_box=\box66
\l__siunitx_table_number_align_skip=\skip64
\l__siunitx_table_text_align_skip=\skip65
) (c:/Users/mkram02/AppData/Roaming/TinyTeX/texmf-dist/tex/generic/ulem/ulem.st
y
\UL@box=\box67
\UL@hyphenbox=\box68
\UL@skip=\skip66
\UL@hook=\toks31
\UL@height=\dimen197
\UL@pe=\count324
\UL@pixel=\dimen198
\ULC@box=\box69
Package: ulem 2019/11/18
\ULdepth=\dimen199
)
(c:/Users/mkram02/AppData/Roaming/TinyTeX/texmf-dist/tex/latex/colortbl/colortb
l.sty
Package: colortbl 2020/01/04 v1.0e Color table columns (DPC)
\everycr=\toks32
\minrowclearance=\skip67
)
(c:/Users/mkram02/AppData/Roaming/TinyTeX/texmf-dist/tex/latex/multirow/multiro
w.sty
Package: multirow 2019/05/31 v2.5 Span multiple rows of a table
\multirow@colwidth=\skip68
\multirow@cntb=\count325
\multirow@dima=\skip69
\bigstrutjot=\dimen256
)
(c:/Users/mkram02/AppData/Roaming/TinyTeX/texmf-dist/tex/latex/tools/hhline.sty
Package: hhline 2020/01/04 v2.04 Table rule package (DPC)
) (c:/Users/mkram02/AppData/Roaming/TinyTeX/texmf-dist/tex/latex/tools/calc.sty
Package: calc 2017/05/25 v4.3 Infix arithmetic (KKT,FJ)
\calc@Acount=\count326
\calc@Bcount=\count327
\calc@Adimen=\dimen257
\calc@Bdimen=\dimen258
\calc@Askip=\skip70
\calc@Bskip=\skip71
LaTeX Info: Redefining \setlength on input line 80.
LaTeX Info: Redefining \addtolength on input line 81.
\calc@Ccount=\count328
\calc@Cskip=\skip72
)
(c:/Users/mkram02/AppData/Roaming/TinyTeX/texmf-dist/tex/latex/tools/tabularx.s
ty
Package: tabularx 2020/01/15 v2.11c `tabularx' package (DPC)
\TX@col@width=\dimen259
\TX@old@table=\dimen260
\TX@old@col=\dimen261
\TX@target=\dimen262
\TX@delta=\dimen263
\TX@cols=\count329
\TX@ftn=\toks33
)
(c:/Users/mkram02/AppData/Roaming/TinyTeX/texmf-dist/tex/latex/threeparttable/t
hreeparttable.sty
Package: threeparttable 2003/06/13  v 3.0
\@tempboxb=\box70
)
(c:/Users/mkram02/AppData/Roaming/TinyTeX/texmf-dist/tex/latex/wrapfig/wrapfig.
sty
\wrapoverhang=\dimen264
\WF@size=\dimen265
\c@WF@wrappedlines=\count330
\WF@box=\box71
\WF@everypar=\toks34
Package: wrapfig 2003/01/31  v 3.6
)
(c:/Users/mkram02/AppData/Roaming/TinyTeX/texmf-dist/tex/latex/adjustbox/adjust
box.sty
Package: adjustbox 2020/08/19 v1.3 Adjusting TeX boxes (trim, clip, ...)

(c:/Users/mkram02/AppData/Roaming/TinyTeX/texmf-dist/tex/latex/xkeyval/xkeyval.
sty
Package: xkeyval 2014/12/03 v2.7a package option processing (HA)

(c:/Users/mkram02/AppData/Roaming/TinyTeX/texmf-dist/tex/generic/xkeyval/xkeyva
l.tex
(c:/Users/mkram02/AppData/Roaming/TinyTeX/texmf-dist/tex/generic/xkeyval/xkvuti
ls.tex
\XKV@toks=\toks35
\XKV@tempa@toks=\toks36
)
\XKV@depth=\count331
File: xkeyval.tex 2014/12/03 v2.7a key=value parser (HA)
))
(c:/Users/mkram02/AppData/Roaming/TinyTeX/texmf-dist/tex/latex/adjustbox/adjcal
c.sty
Package: adjcalc 2012/05/16 v1.1 Provides advanced setlength with multiple back
-ends (calc, etex, pgfmath)
)
(c:/Users/mkram02/AppData/Roaming/TinyTeX/texmf-dist/tex/latex/adjustbox/trimcl
ip.sty
Package: trimclip 2020/08/19 v1.2 Trim and clip general TeX material

(c:/Users/mkram02/AppData/Roaming/TinyTeX/texmf-dist/tex/latex/collectbox/colle
ctbox.sty
Package: collectbox 2012/05/17 v0.4b Collect macro arguments as boxes
\collectedbox=\box72
)
\tc@llx=\dimen266
\tc@lly=\dimen267
\tc@urx=\dimen268
\tc@ury=\dimen269
Package trimclip Info: Using driver 'tc-xetex.def'.

(c:/Users/mkram02/AppData/Roaming/TinyTeX/texmf-dist/tex/latex/adjustbox/tc-xet
ex.def
File: tc-xetex.def 2019/01/04 v2.2 Clipping driver for xetex
))
\adjbox@Width=\dimen270
\adjbox@Height=\dimen271
\adjbox@Depth=\dimen272
\adjbox@Totalheight=\dimen273
\adjbox@pwidth=\dimen274
\adjbox@pheight=\dimen275
\adjbox@pdepth=\dimen276
\adjbox@ptotalheight=\dimen277
)
(c:/Users/mkram02/AppData/Roaming/TinyTeX/texmf-dist/tex/latex/natbib/natbib.st
y
Package: natbib 2010/09/13 8.31b (PWD, AO)
\bibhang=\skip73
\bibsep=\skip74
LaTeX Info: Redefining \cite on input line 694.
\c@NAT@ctr=\count332
) (./EPI563-SpatialEPI.aux

LaTeX Warning: Label `getting-ready' multiply defined.


LaTeX Warning: Label `tab:learning-ob' multiply defined.


LaTeX Warning: Label `tab:learning-ob' multiply defined.


LaTeX Warning: Label `tab:learning-ob' multiply defined.


LaTeX Warning: Label `tab:learning-ob' multiply defined.


LaTeX Warning: Label `tab:learning-ob' multiply defined.


LaTeX Warning: Label `tab:learning-ob' multiply defined.


LaTeX Warning: Label `tab:learning-ob' multiply defined.


LaTeX Warning: Label `packages-data' multiply defined.


LaTeX Warning: Label `tab:learning-ob' multiply defined.


LaTeX Warning: Label `tab:learning-ob' multiply defined.


LaTeX Warning: Label `tab:learning-ob' multiply defined.


LaTeX Warning: Label `tab:learning-ob' multiply defined.


LaTeX Warning: Label `tab:learning-ob' multiply defined.


LaTeX Warning: Label `additional-resources' multiply defined.

)
\openout1 = `EPI563-SpatialEPI.aux'.

LaTeX Font Info:    Checking defaults for OML/cmm/m/it on input line 142.
LaTeX Font Info:    ... okay on input line 142.
LaTeX Font Info:    Checking defaults for OMS/cmsy/m/n on input line 142.
LaTeX Font Info:    ... okay on input line 142.
LaTeX Font Info:    Checking defaults for OT1/cmr/m/n on input line 142.
LaTeX Font Info:    ... okay on input line 142.
LaTeX Font Info:    Checking defaults for T1/cmr/m/n on input line 142.
LaTeX Font Info:    ... okay on input line 142.
LaTeX Font Info:    Checking defaults for TS1/cmr/m/n on input line 142.
LaTeX Font Info:    ... okay on input line 142.
LaTeX Font Info:    Checking defaults for TU/lmr/m/n on input line 142.
LaTeX Font Info:    ... okay on input line 142.
LaTeX Font Info:    Checking defaults for OMX/cmex/m/n on input line 142.
LaTeX Font Info:    ... okay on input line 142.
LaTeX Font Info:    Checking defaults for U/cmr/m/n on input line 142.
LaTeX Font Info:    ... okay on input line 142.
LaTeX Font Info:    Checking defaults for PD1/pdf/m/n on input line 142.
LaTeX Font Info:    ... okay on input line 142.
LaTeX Font Info:    Checking defaults for PU/pdf/m/n on input line 142.
LaTeX Font Info:    ... okay on input line 142.
LaTeX Font Info:    Overwriting math alphabet `\mathrm' in version `normal'
(Font)                  OT1/lmr/m/n --> TU/lmr/m/n on input line 142.
LaTeX Font Info:    Overwriting math alphabet `\mathit' in version `normal'
(Font)                  OT1/lmr/m/it --> TU/lmr/m/it on input line 142.
LaTeX Font Info:    Overwriting math alphabet `\mathbf' in version `normal'
(Font)                  OT1/lmr/bx/n --> TU/lmr/bx/n on input line 142.
LaTeX Font Info:    Overwriting math alphabet `\mathsf' in version `normal'
(Font)                  OT1/lmss/m/n --> TU/lmss/m/n on input line 142.
LaTeX Font Info:    Overwriting math alphabet `\mathsf' in version `bold'
(Font)                  OT1/lmss/bx/n --> TU/lmss/bx/n on input line 142.
LaTeX Font Info:    Overwriting math alphabet `\mathtt' in version `normal'
(Font)                  OT1/lmtt/m/n --> TU/lmtt/m/n on input line 142.
LaTeX Font Info:    Overwriting math alphabet `\mathtt' in version `bold'
(Font)                  OT1/lmtt/m/n --> TU/lmtt/bx/n on input line 142.

Package fontspec Info: latinmodern-math scale = 0.9999964596882403.


Package fontspec Info: latinmodern-math scale = 0.9999964596882403.


Package fontspec Info: latinmodern-math scale = 0.9999964596882403.


Package fontspec Info: Font family 'latinmodern-math.otf(0)' created for font
(fontspec)             'latinmodern-math.otf' with options
(fontspec)             [Scale=MatchLowercase,BoldItalicFont={},ItalicFont={},Sm
allCapsFont={},Script=Math,BoldFont={latinmodern-math.otf}].
(fontspec)              
(fontspec)              This font family consists of the following NFSS
(fontspec)             series/shapes:
(fontspec)              
(fontspec)             - 'normal' (m/n) with NFSS spec.:
(fontspec)             <->s*[0.9999964596882403]"[latinmodern-math.otf]/OT:scri
pt=math;language=dflt;"
(fontspec)             - 'small caps'  (m/sc) with NFSS spec.: 
(fontspec)             - 'bold' (b/n) with NFSS spec.:
(fontspec)             <->s*[0.9999964596882403]"[latinmodern-math.otf]/OT:scri
pt=math;language=dflt;"
(fontspec)             - 'bold small caps'  (b/sc) with NFSS spec.: 

LaTeX Font Info:    Font shape `TU/latinmodern-math.otf(0)/m/n' will be
(Font)              scaled to size 10.0pt on input line 142.

Package fontspec Info: latinmodern-math scale = 0.9999964596882403.


Package fontspec Info: latinmodern-math scale = 0.9999964596882403.


Package fontspec Info: latinmodern-math scale = 0.9999964596882403.


Package fontspec Info: latinmodern-math scale = 0.9999964596882403.


Package fontspec Info: latinmodern-math scale = 0.9999964596882403.


Package fontspec Info: Font family 'latinmodern-math.otf(1)' created for font
(fontspec)             'latinmodern-math.otf' with options
(fontspec)             [Scale=MatchLowercase,BoldItalicFont={},ItalicFont={},Sm
allCapsFont={},Script=Math,SizeFeatures={{Size=8.5-},{Size=6-8.5,Font=latinmode
rn-math.otf,Style=MathScript},{Size=-6,Font=latinmodern-math.otf,Style=MathScri
ptScript}},BoldFont={latinmodern-math.otf}].
(fontspec)              
(fontspec)              This font family consists of the following NFSS
(fontspec)             series/shapes:
(fontspec)              
(fontspec)             - 'normal' (m/n) with NFSS spec.:
(fontspec)             <8.5->s*[0.9999964596882403]"[latinmodern-math.otf]/OT:s
cript=math;language=dflt;"<6-8.5>s*[0.9999964596882403]"[latinmodern-math.otf]/
OT:script=math;language=dflt;+ssty=0;"<-6>s*[0.9999964596882403]"[latinmodern-m
ath.otf]/OT:script=math;language=dflt;+ssty=1;"
(fontspec)             - 'small caps'  (m/sc) with NFSS spec.: 
(fontspec)             - 'bold' (b/n) with NFSS spec.:
(fontspec)             <->s*[0.9999964596882403]"[latinmodern-math.otf]/OT:scri
pt=math;language=dflt;"
(fontspec)             - 'bold small caps'  (b/sc) with NFSS spec.: 

LaTeX Font Info:    Font shape `TU/latinmodern-math.otf(1)/m/n' will be
(Font)              scaled to size 10.0pt on input line 142.
LaTeX Font Info:    Encoding `OT1' has changed to `TU' for symbol font
(Font)              `operators' in the math version `normal' on input line 142.

LaTeX Font Info:    Overwriting symbol font `operators' in version `normal'
(Font)                  OT1/lmr/m/n --> TU/latinmodern-math.otf(1)/m/n on input
 line 142.
LaTeX Font Info:    Encoding `OT1' has changed to `TU' for symbol font
(Font)              `operators' in the math version `bold' on input line 142.
LaTeX Font Info:    Overwriting symbol font `operators' in version `bold'
(Font)                  OT1/lmr/bx/n --> TU/latinmodern-math.otf(1)/b/n on inpu
t line 142.

Package fontspec Info: latinmodern-math scale = 0.9999964596882403.


Package fontspec Info: latinmodern-math scale = 1.000096459334209.


Package fontspec Info: latinmodern-math scale = 0.9999964596882403.


Package fontspec Info: latinmodern-math scale = 1.000096459334209.


Package fontspec Info: latinmodern-math scale = 0.9999964596882403.


Package fontspec Info: latinmodern-math scale = 1.000096459334209.


Package fontspec Info: latinmodern-math scale = 0.9999964596882403.


Package fontspec Info: latinmodern-math scale = 1.000096459334209.


Package fontspec Info: latinmodern-math scale = 0.9999964596882403.


Package fontspec Info: latinmodern-math scale = 1.000096459334209.


Package fontspec Info: Font family 'latinmodern-math.otf(2)' created for font
(fontspec)             'latinmodern-math.otf' with options
(fontspec)             [Scale=MatchLowercase,BoldItalicFont={},ItalicFont={},Sm
allCapsFont={},Script=Math,SizeFeatures={{Size=8.5-},{Size=6-8.5,Font=latinmode
rn-math.otf,Style=MathScript},{Size=-6,Font=latinmodern-math.otf,Style=MathScri
ptScript}},BoldFont={latinmodern-math.otf},ScaleAgain=1.0001,FontAdjustment={\f
ontdimen
(fontspec)             8\font =6.77pt\relax \fontdimen 9\font =3.94pt\relax
(fontspec)             \fontdimen 10\font =4.44pt\relax \fontdimen 11\font
(fontspec)             =6.86pt\relax \fontdimen 12\font =3.45pt\relax
(fontspec)             \fontdimen 13\font =3.63pt\relax \fontdimen 14\font
(fontspec)             =3.63pt\relax \fontdimen 15\font =2.89pt\relax
(fontspec)             \fontdimen 16\font =2.47pt\relax \fontdimen 17\font
(fontspec)             =2.47pt\relax \fontdimen 18\font =2.5pt\relax
(fontspec)             \fontdimen 19\font =2.0pt\relax \fontdimen 22\font
(fontspec)             =2.5pt\relax \fontdimen 20\font =0pt\relax \fontdimen
(fontspec)             21\font =0pt\relax }].
(fontspec)              
(fontspec)              This font family consists of the following NFSS
(fontspec)             series/shapes:
(fontspec)              
(fontspec)             - 'normal' (m/n) with NFSS spec.:
(fontspec)             <8.5->s*[1.000096459334209]"[latinmodern-math.otf]/OT:sc
ript=math;language=dflt;"<6-8.5>s*[1.000096459334209]"[latinmodern-math.otf]/OT
:script=math;language=dflt;+ssty=0;"<-6>s*[1.000096459334209]"[latinmodern-math
.otf]/OT:script=math;language=dflt;+ssty=1;"
(fontspec)             - 'small caps'  (m/sc) with NFSS spec.: 
(fontspec)             and font adjustment code:
(fontspec)             \fontdimen 8\font =6.77pt\relax \fontdimen 9\font
(fontspec)             =3.94pt\relax \fontdimen 10\font =4.44pt\relax
(fontspec)             \fontdimen 11\font =6.86pt\relax \fontdimen 12\font
(fontspec)             =3.45pt\relax \fontdimen 13\font =3.63pt\relax
(fontspec)             \fontdimen 14\font =3.63pt\relax \fontdimen 15\font
(fontspec)             =2.89pt\relax \fontdimen 16\font =2.47pt\relax
(fontspec)             \fontdimen 17\font =2.47pt\relax \fontdimen 18\font
(fontspec)             =2.5pt\relax \fontdimen 19\font =2.0pt\relax \fontdimen
(fontspec)             22\font =2.5pt\relax \fontdimen 20\font =0pt\relax
(fontspec)             \fontdimen 21\font =0pt\relax 
(fontspec)             - 'bold' (b/n) with NFSS spec.:
(fontspec)             <->s*[1.000096459334209]"[latinmodern-math.otf]/OT:scrip
t=math;language=dflt;"
(fontspec)             - 'bold small caps'  (b/sc) with NFSS spec.: 
(fontspec)             and font adjustment code:
(fontspec)             \fontdimen 8\font =6.77pt\relax \fontdimen 9\font
(fontspec)             =3.94pt\relax \fontdimen 10\font =4.44pt\relax
(fontspec)             \fontdimen 11\font =6.86pt\relax \fontdimen 12\font
(fontspec)             =3.45pt\relax \fontdimen 13\font =3.63pt\relax
(fontspec)             \fontdimen 14\font =3.63pt\relax \fontdimen 15\font
(fontspec)             =2.89pt\relax \fontdimen 16\font =2.47pt\relax
(fontspec)             \fontdimen 17\font =2.47pt\relax \fontdimen 18\font
(fontspec)             =2.5pt\relax \fontdimen 19\font =2.0pt\relax \fontdimen
(fontspec)             22\font =2.5pt\relax \fontdimen 20\font =0pt\relax
(fontspec)             \fontdimen 21\font =0pt\relax 

LaTeX Font Info:    Encoding `OMS' has changed to `TU' for symbol font
(Font)              `symbols' in the math version `normal' on input line 142.
LaTeX Font Info:    Overwriting symbol font `symbols' in version `normal'
(Font)                  OMS/lmsy/m/n --> TU/latinmodern-math.otf(2)/m/n on inpu
t line 142.
LaTeX Font Info:    Encoding `OMS' has changed to `TU' for symbol font
(Font)              `symbols' in the math version `bold' on input line 142.
LaTeX Font Info:    Overwriting symbol font `symbols' in version `bold'
(Font)                  OMS/lmsy/b/n --> TU/latinmodern-math.otf(2)/b/n on inpu
t line 142.

Package fontspec Info: latinmodern-math scale = 0.9999964596882403.


Package fontspec Info: latinmodern-math scale = 0.9998964600422715.


Package fontspec Info: latinmodern-math scale = 0.9999964596882403.


Package fontspec Info: latinmodern-math scale = 0.9998964600422715.


Package fontspec Info: latinmodern-math scale = 0.9999964596882403.


Package fontspec Info: latinmodern-math scale = 0.9998964600422715.


Package fontspec Info: latinmodern-math scale = 0.9999964596882403.


Package fontspec Info: latinmodern-math scale = 0.9998964600422715.


Package fontspec Info: latinmodern-math scale = 0.9999964596882403.


Package fontspec Info: latinmodern-math scale = 0.9998964600422715.


Package fontspec Info: Font family 'latinmodern-math.otf(3)' created for font
(fontspec)             'latinmodern-math.otf' with options
(fontspec)             [Scale=MatchLowercase,BoldItalicFont={},ItalicFont={},Sm
allCapsFont={},Script=Math,SizeFeatures={{Size=8.5-},{Size=6-8.5,Font=latinmode
rn-math.otf,Style=MathScript},{Size=-6,Font=latinmodern-math.otf,Style=MathScri
ptScript}},BoldFont={latinmodern-math.otf},ScaleAgain=0.9999,FontAdjustment={\f
ontdimen
(fontspec)             8\font =0.4pt\relax \fontdimen 9\font =2.0pt\relax
(fontspec)             \fontdimen 10\font =1.67pt\relax \fontdimen 11\font
(fontspec)             =1.11pt\relax \fontdimen 12\font =6.0pt\relax
(fontspec)             \fontdimen 13\font =0pt\relax }].
(fontspec)              
(fontspec)              This font family consists of the following NFSS
(fontspec)             series/shapes:
(fontspec)              
(fontspec)             - 'normal' (m/n) with NFSS spec.:
(fontspec)             <8.5->s*[0.9998964600422715]"[latinmodern-math.otf]/OT:s
cript=math;language=dflt;"<6-8.5>s*[0.9998964600422715]"[latinmodern-math.otf]/
OT:script=math;language=dflt;+ssty=0;"<-6>s*[0.9998964600422715]"[latinmodern-m
ath.otf]/OT:script=math;language=dflt;+ssty=1;"
(fontspec)             - 'small caps'  (m/sc) with NFSS spec.: 
(fontspec)             and font adjustment code:
(fontspec)             \fontdimen 8\font =0.4pt\relax \fontdimen 9\font
(fontspec)             =2.0pt\relax \fontdimen 10\font =1.67pt\relax
(fontspec)             \fontdimen 11\font =1.11pt\relax \fontdimen 12\font
(fontspec)             =6.0pt\relax \fontdimen 13\font =0pt\relax 
(fontspec)             - 'bold' (b/n) with NFSS spec.:
(fontspec)             <->s*[0.9998964600422715]"[latinmodern-math.otf]/OT:scri
pt=math;language=dflt;"
(fontspec)             - 'bold small caps'  (b/sc) with NFSS spec.: 
(fontspec)             and font adjustment code:
(fontspec)             \fontdimen 8\font =0.4pt\relax \fontdimen 9\font
(fontspec)             =2.0pt\relax \fontdimen 10\font =1.67pt\relax
(fontspec)             \fontdimen 11\font =1.11pt\relax \fontdimen 12\font
(fontspec)             =6.0pt\relax \fontdimen 13\font =0pt\relax 

LaTeX Font Info:    Encoding `OMX' has changed to `TU' for symbol font
(Font)              `largesymbols' in the math version `normal' on input line 1
42.
LaTeX Font Info:    Overwriting symbol font `largesymbols' in version `normal'
(Font)                  OMX/lmex/m/n --> TU/latinmodern-math.otf(3)/m/n on inpu
t line 142.
LaTeX Font Info:    Encoding `OMX' has changed to `TU' for symbol font
(Font)              `largesymbols' in the math version `bold' on input line 142
.
LaTeX Font Info:    Overwriting symbol font `largesymbols' in version `bold'
(Font)                  OMX/lmex/m/n --> TU/latinmodern-math.otf(3)/b/n on inpu
t line 142.
Package hyperref Info: Link coloring OFF on input line 142.

(c:/Users/mkram02/AppData/Roaming/TinyTeX/texmf-dist/tex/latex/hyperref/nameref
.sty
Package: nameref 2019/09/16 v2.46 Cross-referencing by name of section

(c:/Users/mkram02/AppData/Roaming/TinyTeX/texmf-dist/tex/latex/refcount/refcoun
t.sty
Package: refcount 2019/12/15 v3.6 Data extraction from label references (HO)
)
(c:/Users/mkram02/AppData/Roaming/TinyTeX/texmf-dist/tex/generic/gettitlestring
/gettitlestring.sty
Package: gettitlestring 2019/12/15 v1.6 Cleanup title references (HO)
)
\c@section@level=\count333
)
LaTeX Info: Redefining \ref on input line 142.
LaTeX Info: Redefining \pageref on input line 142.
LaTeX Info: Redefining \nameref on input line 142.
\@outlinefile=\write3
\openout3 = `EPI563-SpatialEPI.out'.


Package hyperref Warning: Rerun to get /PageLabels entry.

\c@lstlisting=\count334
Package caption Info: Begin \AtBeginDocument code.
Package caption Info: threeparttable package is loaded.
Package caption Info: wrapfig package is loaded.
Package caption Info: End \AtBeginDocument code.

(c:/Users/mkram02/AppData/Roaming/TinyTeX/texmf-dist/tex/latex/siunitx/siunitx-
abbreviations.cfg
File: siunitx-abbreviations.cfg 2017/11/26 v2.7k siunitx: Abbreviated units
)
LaTeX Font Info:    Font shape `TU/latinmodern-math.otf(1)/m/n' will be
(Font)              scaled to size 7.0pt on input line 142.
LaTeX Font Info:    Font shape `TU/latinmodern-math.otf(1)/m/n' will be
(Font)              scaled to size 5.0pt on input line 142.
LaTeX Font Info:    Trying to load font information for OML+lmm on input line 1
42.
(c:/Users/mkram02/AppData/Roaming/TinyTeX/texmf-dist/tex/latex/lm/omllmm.fd
File: omllmm.fd 2009/10/30 v1.6 Font defs for Latin Modern
)
LaTeX Font Info:    Font shape `TU/latinmodern-math.otf(2)/m/n' will be
(Font)              scaled to size 10.00092pt on input line 142.
LaTeX Font Info:    Font shape `TU/latinmodern-math.otf(2)/m/n' will be
(Font)              scaled to size 7.00064pt on input line 142.
LaTeX Font Info:    Font shape `TU/latinmodern-math.otf(2)/m/n' will be
(Font)              scaled to size 5.00046pt on input line 142.
LaTeX Font Info:    Font shape `TU/latinmodern-math.otf(3)/m/n' will be
(Font)              scaled to size 9.99893pt on input line 142.
LaTeX Font Info:    Font shape `TU/latinmodern-math.otf(3)/m/n' will be
(Font)              scaled to size 6.99925pt on input line 142.
LaTeX Font Info:    Font shape `TU/latinmodern-math.otf(3)/m/n' will be
(Font)              scaled to size 4.99947pt on input line 142.
LaTeX Font Info:    Trying to load font information for U+msa on input line 142
.

(c:/Users/mkram02/AppData/Roaming/TinyTeX/texmf-dist/tex/latex/amsfonts/umsa.fd
File: umsa.fd 2013/01/14 v3.01 AMS symbols A
)
LaTeX Font Info:    Trying to load font information for U+msb on input line 142
.

(c:/Users/mkram02/AppData/Roaming/TinyTeX/texmf-dist/tex/latex/amsfonts/umsb.fd
File: umsb.fd 2013/01/14 v3.01 AMS symbols B
)
LaTeX Font Info:    Font shape `TU/latinmodern-math.otf(1)/m/n' will be
(Font)              scaled to size 12.0pt on input line 144.
LaTeX Font Info:    Font shape `TU/latinmodern-math.otf(1)/m/n' will be
(Font)              scaled to size 8.0pt on input line 144.
LaTeX Font Info:    Font shape `TU/latinmodern-math.otf(1)/m/n' will be
(Font)              scaled to size 6.0pt on input line 144.
LaTeX Font Info:    Font shape `TU/latinmodern-math.otf(2)/m/n' will be
(Font)              scaled to size 12.0011pt on input line 144.
LaTeX Font Info:    Font shape `TU/latinmodern-math.otf(2)/m/n' will be
(Font)              scaled to size 8.00073pt on input line 144.
LaTeX Font Info:    Font shape `TU/latinmodern-math.otf(2)/m/n' will be
(Font)              scaled to size 6.00055pt on input line 144.
LaTeX Font Info:    Font shape `TU/latinmodern-math.otf(3)/m/n' will be
(Font)              scaled to size 11.99872pt on input line 144.
LaTeX Font Info:    Font shape `TU/latinmodern-math.otf(3)/m/n' will be
(Font)              scaled to size 7.99915pt on input line 144.
LaTeX Font Info:    Font shape `TU/latinmodern-math.otf(3)/m/n' will be
(Font)              scaled to size 5.99936pt on input line 144.
[1


] [2

] (./EPI563-SpatialEPI.toc [3] [4]
LaTeX Font Info:    Font shape `TU/lmtt/bx/n' in size <10> not available
(Font)              Font shape `TU/lmtt/b/n' tried instead on input line 211.
[5] [6])
\tf@toc=\write4
\openout4 = `EPI563-SpatialEPI.toc'.

[7] [8

]
File: images/John-Snows-cholera-map-of-009.jpg Graphic file (type bmp)
<images/John-Snows-cholera-map-of-009.jpg>
[9]
File: images/by-nc-sa.png Graphic file (type bmp)
<images/by-nc-sa.png>

Overfull \hbox (6.01004pt too wide) in paragraph at lines 173--175
\TU/lmr/m/n/10 This eBook is licensed under the []Creative Commons Attribution-
NonCommercial-
 []

[10] [11

] [12]
LaTeX Font Info:    Font shape `TU/lmtt/bx/n' in size <14.4> not available
(Font)              Font shape `TU/lmtt/b/n' tried instead on input line 186.
[13

] [14

]
File: images/caution.png Graphic file (type bmp)
<images/caution.png>
[15]
(c:/Users/mkram02/AppData/Roaming/TinyTeX/texmf-dist/tex/latex/listings/lstlang
1.sty
File: lstlang1.sty 2020/03/24 1.8d listings language file
)
(c:/Users/mkram02/AppData/Roaming/TinyTeX/texmf-dist/tex/latex/listings/lstlang
2.sty
File: lstlang2.sty 2020/03/24 1.8d listings language file
)
(c:/Users/mkram02/AppData/Roaming/TinyTeX/texmf-dist/tex/latex/listings/lstlang
3.sty
File: lstlang3.sty 2020/03/24 1.8d listings language file
) [16] [17] [18

] [19] [20]
Chapter 1.

Overfull \hbox (2.0pt too wide) in alignment at lines 332--332
[] 
 []

[21

]
Overfull \hbox (3.0pt too wide) in alignment at lines 434--434
[][] 
 []


LaTeX Warning: Float too large for page by 565.90033pt on input line 437.

File: images/data-models.png Graphic file (type bmp)
<images/data-models.png>
[22] [23]
LaTeX Font Info:    Font shape `TU/lmtt/bx/n' in size <12> not available
(Font)              Font shape `TU/lmtt/b/n' tried instead on input line 466.
[24] [25] [26] [27]
File: EPI563-SpatialEPI_files/figure-latex/unnamed-chunk-16-1.pdf Graphic file 
(type pdf)
<use EPI563-SpatialEPI_files/figure-latex/unnamed-chunk-16-1.pdf>

Underfull \vbox (badness 10000) has occurred while \output is active []

[28]
File: EPI563-SpatialEPI_files/figure-latex/unnamed-chunk-17-1.pdf Graphic file 
(type pdf)
<use EPI563-SpatialEPI_files/figure-latex/unnamed-chunk-17-1.pdf>
[29]
File: EPI563-SpatialEPI_files/figure-latex/unnamed-chunk-17-2.pdf Graphic file 
(type pdf)
<use EPI563-SpatialEPI_files/figure-latex/unnamed-chunk-17-2.pdf>
File: EPI563-SpatialEPI_files/figure-latex/unnamed-chunk-19-1.pdf Graphic file 
(type pdf)
<use EPI563-SpatialEPI_files/figure-latex/unnamed-chunk-19-1.pdf>

Underfull \vbox (badness 10000) has occurred while \output is active []

[30]
File: images/compare-crs.jpg Graphic file (type bmp)
<images/compare-crs.jpg>
[31] [32]
File: EPI563-SpatialEPI_files/figure-latex/unnamed-chunk-24-1.pdf Graphic file 
(type pdf)
<use EPI563-SpatialEPI_files/figure-latex/unnamed-chunk-24-1.pdf>
[33]
File: images/caution.png Graphic file (type bmp)
<images/caution.png>
[34] [35] [36

]
Chapter 2.

Overfull \hbox (2.0pt too wide) in alignment at lines 774--774
[] 
 []


Overfull \hbox (3.0pt too wide) in alignment at lines 876--876
[][] 
 []


LaTeX Warning: Float too large for page by 373.90033pt on input line 879.


Underfull \vbox (badness 1616) has occurred while \output is active []

[37]
Underfull \hbox (badness 1917) in paragraph at lines 890--891
[]\TU/lmr/m/n/10 Disease mapping can be used to provide |   []   |   [] about
 []


Underfull \hbox (badness 1122) in paragraph at lines 890--891
\TU/lmr/m/n/10 pattern or spatial structure of disease, potential detection of
 []

[38]
File: images/palette-sequential.png Graphic file (type bmp)
<images/palette-sequential.png>
File: images/note.png Graphic file (type bmp)
<images/note.png>
[39]
File: images/palette-diverging.png Graphic file (type bmp)
<images/palette-diverging.png>
File: images/diverge-smr.png Graphic file (type bmp)
<images/diverge-smr.png>
[40]
File: images/cutpoints-vlbw.png Graphic file (type bmp)
<images/cutpoints-vlbw.png>

Package natbib Warning: Citation `brewer_evaluation_2002' on page 41 undefined 
on input line 961.

[41]
File: images/time-series-ga-same-cuts.png Graphic file (type bmp)
<images/time-series-ga-same-cuts.png>
[42] [43]
File: images/time-series-us-quantiles.jpg Graphic file (type bmp)
<images/time-series-us-quantiles.jpg>

Underfull \vbox (badness 10000) has occurred while \output is active []

[44]
File: images/caution.png Graphic file (type bmp)
<images/caution.png>

Underfull \hbox (badness 10000) in paragraph at lines 1033--1034

 []

[45]
File: images/tip.png Graphic file (type bmp)
<images/tip.png>
[46]
File: images/note.png Graphic file (type bmp)
<images/note.png>
[47]
File: images/acs-var-view.PNG Graphic file (type bmp)
<images/acs-var-view.PNG>
[48] [49] [50] [51]
File: images/note.png Graphic file (type bmp)
<images/note.png>
[52]
File: images/note.png Graphic file (type bmp)
<images/note.png>
[53]
Overfull \hbox (23.00354pt too wide) in paragraph at lines 1721--1722
[][] 
 []


Overfull \hbox (23.00354pt too wide) in paragraph at lines 1722--1723
[][] 
 []


Overfull \hbox (23.00354pt too wide) in paragraph at lines 1723--1724
[][] 
 []

File: EPI563-SpatialEPI_files/figure-latex/unnamed-chunk-55-1.pdf Graphic file 
(type pdf)
<use EPI563-SpatialEPI_files/figure-latex/unnamed-chunk-55-1.pdf>

Underfull \vbox (badness 10000) has occurred while \output is active []

[54]
File: EPI563-SpatialEPI_files/figure-latex/unnamed-chunk-56-1.pdf Graphic file 
(type pdf)
<use EPI563-SpatialEPI_files/figure-latex/unnamed-chunk-56-1.pdf>

Underfull \vbox (badness 10000) has occurred while \output is active []

[55] [56]
Overfull \hbox (63.00415pt too wide) in paragraph at lines 1802--1803
[][][][][] 
 []


Overfull \hbox (65.00397pt too wide) in paragraph at lines 1802--1803
[][] 
 []


Overfull \hbox (47.00378pt too wide) in paragraph at lines 1802--1803
[]  
 []


Overfull \hbox (63.00415pt too wide) in paragraph at lines 1803--1804
[][][][][] 
 []


Overfull \hbox (53.00385pt too wide) in paragraph at lines 1803--1804
[][] 
 []


Overfull \hbox (53.00385pt too wide) in paragraph at lines 1803--1804
[][] 
 []


Overfull \hbox (53.00385pt too wide) in paragraph at lines 1803--1804
[][] 
 []


Overfull \hbox (53.00385pt too wide) in paragraph at lines 1803--1804
[][] 
 []


Overfull \hbox (53.00385pt too wide) in paragraph at lines 1803--1804
[][] 
 []


Overfull \hbox (53.00385pt too wide) in paragraph at lines 1803--1804
[][] 
 []


Overfull \hbox (53.00385pt too wide) in paragraph at lines 1803--1804
[][] 
 []


Overfull \hbox (53.00385pt too wide) in paragraph at lines 1803--1804
[][] 
 []


Overfull \hbox (53.00385pt too wide) in paragraph at lines 1803--1804
[][] 
 []


Overfull \hbox (53.00385pt too wide) in paragraph at lines 1803--1804
[][] 
 []


Overfull \hbox (53.00385pt too wide) in paragraph at lines 1803--1804
[][] 
 []


Overfull \hbox (53.00385pt too wide) in paragraph at lines 1803--1804
[][] 
 []


Overfull \hbox (53.00385pt too wide) in paragraph at lines 1803--1804
[][] 
 []


Overfull \hbox (53.00385pt too wide) in paragraph at lines 1803--1804
[][] 
 []


Overfull \hbox (53.00385pt too wide) in paragraph at lines 1803--1804
[][] 
 []


Overfull \hbox (47.00378pt too wide) in paragraph at lines 1803--1804
[]  
 []

[57]
File: EPI563-SpatialEPI_files/figure-latex/unnamed-chunk-58-1.pdf Graphic file 
(type pdf)
<use EPI563-SpatialEPI_files/figure-latex/unnamed-chunk-58-1.pdf>
[58] [59] [60] [61] [62

]
Chapter 3.

Overfull \hbox (2.0pt too wide) in alignment at lines 1857--1857
[] 
 []


Overfull \hbox (3.0pt too wide) in alignment at lines 1941--1941
[][] 
 []


Underfull \vbox (badness 10000) has occurred while \output is active []

[63]
Underfull \hbox (badness 1303) in paragraph at lines 1963--1964
[][]|   []   |   []   |   []   |   []   |   []   |   []   |   []   |   []
 []

[64] [65] [66] [67] [68

]
Chapter 4.

Overfull \hbox (2.0pt too wide) in alignment at lines 2050--2050
[] 
 []


Overfull \hbox (27.61105pt too wide) in paragraph at lines 2145--2145
\TU/lmr/m/n/10 moreevidenceorinformationbecomes 
 []


Overfull \hbox (3.0pt too wide) in alignment at lines 2145--2145
[][] 
 []


LaTeX Warning: Float too large for page by 321.8003pt on input line 2148.

[69] [70] [71]
File: images/flint-maup.jpg Graphic file (type bmp)
<images/flint-maup.jpg>
[72] [73] [74]
File: images/point-process.png Graphic file (type bmp)
<images/point-process.png>
File: images/point-process-2.png Graphic file (type bmp)
<images/point-process-2.png>
[75] [76] [77]
File: images/note.png Graphic file (type bmp)
<images/note.png>
[78]
File: EPI563-SpatialEPI_files/figure-latex/unnamed-chunk-70-1.pdf Graphic file 
(type pdf)
<use EPI563-SpatialEPI_files/figure-latex/unnamed-chunk-70-1.pdf>

Underfull \vbox (badness 2126) has occurred while \output is active []

[79]
File: images/note.png Graphic file (type bmp)
<images/note.png>
[80]
Underfull \hbox (badness 1009) in paragraph at lines 2437--2438
[]\TU/lmr/m/n/10 The standardized morbidity ratio (could also be standardized |
   [],
 []

File: EPI563-SpatialEPI_files/figure-latex/unnamed-chunk-73-1.pdf Graphic file 
(type pdf)
<use EPI563-SpatialEPI_files/figure-latex/unnamed-chunk-73-1.pdf>

Underfull \vbox (badness 10000) has occurred while \output is active []

[81] [82]
File: images/note.png Graphic file (type bmp)
<images/note.png>
[83]
File: EPI563-SpatialEPI_files/figure-latex/unnamed-chunk-77-1.pdf Graphic file 
(type pdf)
<use EPI563-SpatialEPI_files/figure-latex/unnamed-chunk-77-1.pdf>

Underfull \vbox (badness 10000) has occurred while \output is active []

[84] [85]
File: images/note.png Graphic file (type bmp)
<images/note.png>
[86]
File: EPI563-SpatialEPI_files/figure-latex/unnamed-chunk-81-1.pdf Graphic file 
(type pdf)
<use EPI563-SpatialEPI_files/figure-latex/unnamed-chunk-81-1.pdf>

Underfull \vbox (badness 2165) has occurred while \output is active []

[87] [88]
File: EPI563-SpatialEPI_files/figure-latex/unnamed-chunk-82-1.pdf Graphic file 
(type pdf)
<use EPI563-SpatialEPI_files/figure-latex/unnamed-chunk-82-1.pdf>
[89] [90]
File: EPI563-SpatialEPI_files/figure-latex/unnamed-chunk-85-1.pdf Graphic file 
(type pdf)
<use EPI563-SpatialEPI_files/figure-latex/unnamed-chunk-85-1.pdf>
[91]
File: images/caution.png Graphic file (type bmp)
<images/caution.png>
File: images/bayes.png Graphic file (type bmp)
<images/bayes.png>
[92] [93] [94]
File: EPI563-SpatialEPI_files/figure-latex/unnamed-chunk-90-1.pdf Graphic file 
(type pdf)
<use EPI563-SpatialEPI_files/figure-latex/unnamed-chunk-90-1.pdf>
File: EPI563-SpatialEPI_files/figure-latex/unnamed-chunk-91-1.pdf Graphic file 
(type pdf)
<use EPI563-SpatialEPI_files/figure-latex/unnamed-chunk-91-1.pdf>

Underfull \vbox (badness 10000) has occurred while \output is active []

[95] [96]
File: EPI563-SpatialEPI_files/figure-latex/unnamed-chunk-92-1.pdf Graphic file 
(type pdf)
<use EPI563-SpatialEPI_files/figure-latex/unnamed-chunk-92-1.pdf>
[97]
File: EPI563-SpatialEPI_files/figure-latex/unnamed-chunk-94-1.pdf Graphic file 
(type pdf)
<use EPI563-SpatialEPI_files/figure-latex/unnamed-chunk-94-1.pdf>

Underfull \hbox (badness 10000) in paragraph at lines 3022--3024

 []

[98] [99]
File: EPI563-SpatialEPI_files/figure-latex/unnamed-chunk-95-1.pdf Graphic file 
(type pdf)
<use EPI563-SpatialEPI_files/figure-latex/unnamed-chunk-95-1.pdf>
[100] [101] [102] [103] [104

]
Chapter 5.

Overfull \hbox (2.0pt too wide) in alignment at lines 3135--3135
[] 
 []


Overfull \hbox (3.0pt too wide) in alignment at lines 3230--3230
[][] 
 []


LaTeX Warning: Float too large for page by 153.8003pt on input line 3233.

[105] [106] [107] [108] [109] [110]
File: EPI563-SpatialEPI_files/figure-latex/unnamed-chunk-102-1.pdf Graphic file
 (type pdf)
<use EPI563-SpatialEPI_files/figure-latex/unnamed-chunk-102-1.pdf>
[111]
File: images/note.png Graphic file (type bmp)
<images/note.png>
[112] [113] [114] [115]
File: EPI563-SpatialEPI_files/figure-latex/unnamed-chunk-107-1.pdf Graphic file
 (type pdf)
<use EPI563-SpatialEPI_files/figure-latex/unnamed-chunk-107-1.pdf>
[116] [117]
File: EPI563-SpatialEPI_files/figure-latex/unnamed-chunk-109-1.pdf Graphic file
 (type pdf)
<use EPI563-SpatialEPI_files/figure-latex/unnamed-chunk-109-1.pdf>
[118] [119]
File: EPI563-SpatialEPI_files/figure-latex/unnamed-chunk-111-1.pdf Graphic file
 (type pdf)
<use EPI563-SpatialEPI_files/figure-latex/unnamed-chunk-111-1.pdf>
[120]
File: images/caution.png Graphic file (type bmp)
<images/caution.png>
[121]
File: EPI563-SpatialEPI_files/figure-latex/unnamed-chunk-114-1.pdf Graphic file
 (type pdf)
<use EPI563-SpatialEPI_files/figure-latex/unnamed-chunk-114-1.pdf>
[122]
File: EPI563-SpatialEPI_files/figure-latex/unnamed-chunk-115-1.pdf Graphic file
 (type pdf)
<use EPI563-SpatialEPI_files/figure-latex/unnamed-chunk-115-1.pdf>
[123]
File: images/caution.png Graphic file (type bmp)
<images/caution.png>
[124] [125]
Overfull \hbox (75.00427pt too wide) in paragraph at lines 3815--3816
[][][][][] 
 []


Overfull \hbox (77.00409pt too wide) in paragraph at lines 3815--3816
[][] 
 []


Overfull \hbox (59.0039pt too wide) in paragraph at lines 3815--3816
[]  
 []

[126]
Overfull \hbox (75.00427pt too wide) in paragraph at lines 3816--3817
[][][][][] 
 []


Overfull \hbox (65.00397pt too wide) in paragraph at lines 3816--3817
[][] 
 []


Overfull \hbox (65.00397pt too wide) in paragraph at lines 3816--3817
[][] 
 []


Overfull \hbox (65.00397pt too wide) in paragraph at lines 3816--3817
[][] 
 []


Overfull \hbox (65.00397pt too wide) in paragraph at lines 3816--3817
[][] 
 []


Overfull \hbox (65.00397pt too wide) in paragraph at lines 3816--3817
[][] 
 []


Overfull \hbox (65.00397pt too wide) in paragraph at lines 3816--3817
[][] 
 []


Overfull \hbox (65.00397pt too wide) in paragraph at lines 3816--3817
[][] 
 []


Overfull \hbox (65.00397pt too wide) in paragraph at lines 3816--3817
[][] 
 []


Overfull \hbox (65.00397pt too wide) in paragraph at lines 3816--3817
[][] 
 []


Overfull \hbox (65.00397pt too wide) in paragraph at lines 3816--3817
[][] 
 []


Overfull \hbox (65.00397pt too wide) in paragraph at lines 3816--3817
[][] 
 []


Overfull \hbox (65.00397pt too wide) in paragraph at lines 3816--3817
[][] 
 []


Overfull \hbox (65.00397pt too wide) in paragraph at lines 3816--3817
[][] 
 []


Overfull \hbox (59.0039pt too wide) in paragraph at lines 3816--3817
[]  
 []

File: EPI563-SpatialEPI_files/figure-latex/unnamed-chunk-120-1.pdf Graphic file
 (type pdf)
<use EPI563-SpatialEPI_files/figure-latex/unnamed-chunk-120-1.pdf>
[127]
Underfull \vbox (badness 10000) has occurred while \output is active []

[128] [129] [130] [131] [132

]
Chapter 6.

Overfull \hbox (2.0pt too wide) in alignment at lines 3969--3969
[] 
 []


Overfull \hbox (3.0pt too wide) in alignment at lines 4076--4076
[][] 
 []


LaTeX Warning: Float too large for page by 354.00037pt on input line 4079.


Underfull \vbox (badness 10000) has occurred while \output is active []

[133]
File: images/quadrat.png Graphic file (type bmp)
<images/quadrat.png>
[134] [135]
File: images/kde2.png Graphic file (type bmp)
<images/kde2.png>
File: images/kde3.jpg Graphic file (type bmp)
<images/kde3.jpg>
[136] [137] [138]
Overfull \hbox (112.13235pt too wide) has occurred while \output is active
\TU/lmr/m/sl/10 6.3.  SPATIAL ANALYSIS IN EPIDEMIOLOGY: KERNEL ESTIMATION OF PO
INT PROCESSES \TU/lmr/m/n/10 139
 []

[139] [140]
File: EPI563-SpatialEPI_files/figure-latex/unnamed-chunk-132-1.pdf Graphic file
 (type pdf)
<use EPI563-SpatialEPI_files/figure-latex/unnamed-chunk-132-1.pdf>

Overfull \hbox (112.13235pt too wide) has occurred while \output is active
\TU/lmr/m/sl/10 6.3.  SPATIAL ANALYSIS IN EPIDEMIOLOGY: KERNEL ESTIMATION OF PO
INT PROCESSES \TU/lmr/m/n/10 141
 []

[141]
File: EPI563-SpatialEPI_files/figure-latex/unnamed-chunk-134-1.pdf Graphic file
 (type pdf)
<use EPI563-SpatialEPI_files/figure-latex/unnamed-chunk-134-1.pdf>

Underfull \hbox (badness 2809) in paragraph at lines 4326--4327
[]\TU/lmr/m/n/10 The summary includes information about the overall |   []   | 
  []
 []

[142]
Overfull \hbox (112.13235pt too wide) has occurred while \output is active
\TU/lmr/m/sl/10 6.3.  SPATIAL ANALYSIS IN EPIDEMIOLOGY: KERNEL ESTIMATION OF PO
INT PROCESSES \TU/lmr/m/n/10 143
 []

[143]
File: images/note.png Graphic file (type bmp)
<images/note.png>

Underfull \hbox (badness 10000) in paragraph at lines 4365--4367

 []


Underfull \vbox (badness 1147) has occurred while \output is active []

[144]
Overfull \hbox (112.13235pt too wide) has occurred while \output is active
\TU/lmr/m/sl/10 6.3.  SPATIAL ANALYSIS IN EPIDEMIOLOGY: KERNEL ESTIMATION OF PO
INT PROCESSES \TU/lmr/m/n/10 145
 []

[145] [146]
Underfull \vbox (badness 1009) has occurred while \output is active []


Overfull \hbox (112.13235pt too wide) has occurred while \output is active
\TU/lmr/m/sl/10 6.3.  SPATIAL ANALYSIS IN EPIDEMIOLOGY: KERNEL ESTIMATION OF PO
INT PROCESSES \TU/lmr/m/n/10 147
 []

[147]
File: EPI563-SpatialEPI_files/figure-latex/unnamed-chunk-141-1.pdf Graphic file
 (type pdf)
<use EPI563-SpatialEPI_files/figure-latex/unnamed-chunk-141-1.pdf>

Underfull \vbox (badness 1377) has occurred while \output is active []

[148]
Overfull \hbox (112.13235pt too wide) has occurred while \output is active
\TU/lmr/m/sl/10 6.3.  SPATIAL ANALYSIS IN EPIDEMIOLOGY: KERNEL ESTIMATION OF PO
INT PROCESSES \TU/lmr/m/n/10 149
 []

[149]
File: EPI563-SpatialEPI_files/figure-latex/unnamed-chunk-142-1.pdf Graphic file
 (type pdf)
<use EPI563-SpatialEPI_files/figure-latex/unnamed-chunk-142-1.pdf>
[150]
File: EPI563-SpatialEPI_files/figure-latex/unnamed-chunk-145-1.pdf Graphic file
 (type pdf)
<use EPI563-SpatialEPI_files/figure-latex/unnamed-chunk-145-1.pdf>

Underfull \hbox (badness 10000) in paragraph at lines 4626--4628
[][]
 []


Underfull \vbox (badness 10000) has occurred while \output is active []


Overfull \hbox (112.13235pt too wide) has occurred while \output is active
\TU/lmr/m/sl/10 6.3.  SPATIAL ANALYSIS IN EPIDEMIOLOGY: KERNEL ESTIMATION OF PO
INT PROCESSES \TU/lmr/m/n/10 151
 []

[151] [152]
File: images/note.png Graphic file (type bmp)
<images/note.png>
File: EPI563-SpatialEPI_files/figure-latex/unnamed-chunk-147-1.pdf Graphic file
 (type pdf)
<use EPI563-SpatialEPI_files/figure-latex/unnamed-chunk-147-1.pdf>

Underfull \vbox (badness 3919) has occurred while \output is active []


Overfull \hbox (112.13235pt too wide) has occurred while \output is active
\TU/lmr/m/sl/10 6.3.  SPATIAL ANALYSIS IN EPIDEMIOLOGY: KERNEL ESTIMATION OF PO
INT PROCESSES \TU/lmr/m/n/10 153
 []

[153] [154]
Overfull \hbox (112.13235pt too wide) has occurred while \output is active
\TU/lmr/m/sl/10 6.3.  SPATIAL ANALYSIS IN EPIDEMIOLOGY: KERNEL ESTIMATION OF PO
INT PROCESSES \TU/lmr/m/n/10 155
 []

[155] [156]
File: images/caution.png Graphic file (type bmp)
<images/caution.png>

Underfull \hbox (badness 1142) in paragraph at lines 4768--4769
[]\TU/lmr/bx/n/10 BEWARE\TU/lmr/m/n/10 : You can see that the range of the esti
mated risk is
 []

File: EPI563-SpatialEPI_files/figure-latex/unnamed-chunk-151-1.pdf Graphic file
 (type pdf)
<use EPI563-SpatialEPI_files/figure-latex/unnamed-chunk-151-1.pdf>

Underfull \vbox (badness 10000) has occurred while \output is active []


Overfull \hbox (112.13235pt too wide) has occurred while \output is active
\TU/lmr/m/sl/10 6.3.  SPATIAL ANALYSIS IN EPIDEMIOLOGY: KERNEL ESTIMATION OF PO
INT PROCESSES \TU/lmr/m/n/10 157
 []

[157] [158]
Overfull \hbox (112.13235pt too wide) has occurred while \output is active
\TU/lmr/m/sl/10 6.3.  SPATIAL ANALYSIS IN EPIDEMIOLOGY: KERNEL ESTIMATION OF PO
INT PROCESSES \TU/lmr/m/n/10 159
 []

[159]
File: EPI563-SpatialEPI_files/figure-latex/unnamed-chunk-154-1.pdf Graphic file
 (type pdf)
<use EPI563-SpatialEPI_files/figure-latex/unnamed-chunk-154-1.pdf>
[160]
Overfull \hbox (83.36235pt too wide) has occurred while \output is active
\TU/lmr/m/sl/10 6.4.  SPATIAL ANALYSIS IN EPIDEMIOLOGY: KERNEL ESTIMATION OF AR
EAL DATA \TU/lmr/m/n/10 161
 []

[161]
Overfull \vbox (9.67342pt too high) has occurred while \output is active []

[162]
File: EPI563-SpatialEPI_files/figure-latex/unnamed-chunk-158-1.pdf Graphic file
 (type pdf)
<use EPI563-SpatialEPI_files/figure-latex/unnamed-chunk-158-1.pdf>

Overfull \hbox (83.36235pt too wide) has occurred while \output is active
\TU/lmr/m/sl/10 6.4.  SPATIAL ANALYSIS IN EPIDEMIOLOGY: KERNEL ESTIMATION OF AR
EAL DATA \TU/lmr/m/n/10 163
 []

[163]
File: EPI563-SpatialEPI_files/figure-latex/unnamed-chunk-159-1.pdf Graphic file
 (type pdf)
<use EPI563-SpatialEPI_files/figure-latex/unnamed-chunk-159-1.pdf>
[164]
Overfull \hbox (83.36235pt too wide) has occurred while \output is active
\TU/lmr/m/sl/10 6.4.  SPATIAL ANALYSIS IN EPIDEMIOLOGY: KERNEL ESTIMATION OF AR
EAL DATA \TU/lmr/m/n/10 165
 []

[165] [166]
Overfull \hbox (101.00433pt too wide) in paragraph at lines 5068--5069
[][] 
 []


Overfull \hbox (101.00433pt too wide) in paragraph at lines 5070--5071
[][] 
 []


Overfull \hbox (83.36235pt too wide) has occurred while \output is active
\TU/lmr/m/sl/10 6.4.  SPATIAL ANALYSIS IN EPIDEMIOLOGY: KERNEL ESTIMATION OF AR
EAL DATA \TU/lmr/m/n/10 167
 []

[167] [168]
Overfull \hbox (83.36235pt too wide) has occurred while \output is active
\TU/lmr/m/sl/10 6.4.  SPATIAL ANALYSIS IN EPIDEMIOLOGY: KERNEL ESTIMATION OF AR
EAL DATA \TU/lmr/m/n/10 169
 []

[169] [170]
Overfull \hbox (83.36235pt too wide) has occurred while \output is active
\TU/lmr/m/sl/10 6.4.  SPATIAL ANALYSIS IN EPIDEMIOLOGY: KERNEL ESTIMATION OF AR
EAL DATA \TU/lmr/m/n/10 171
 []

[171] [172]
Overfull \hbox (107.0044pt too wide) in paragraph at lines 5203--5204
[][] 
 []


Overfull \hbox (83.36235pt too wide) has occurred while \output is active
\TU/lmr/m/sl/10 6.4.  SPATIAL ANALYSIS IN EPIDEMIOLOGY: KERNEL ESTIMATION OF AR
EAL DATA \TU/lmr/m/n/10 173
 []

[173]
File: EPI563-SpatialEPI_files/figure-latex/unnamed-chunk-165-1.pdf Graphic file
 (type pdf)
<use EPI563-SpatialEPI_files/figure-latex/unnamed-chunk-165-1.pdf>
File: EPI563-SpatialEPI_files/figure-latex/unnamed-chunk-166-1.pdf Graphic file
 (type pdf)
<use EPI563-SpatialEPI_files/figure-latex/unnamed-chunk-166-1.pdf>
[174]
Underfull \hbox (badness 3049) in paragraph at lines 5274--5275
|   [] \TU/lmr/m/n/10 and |   []   |   [] in epidemiologic data. |   []
 []


Overfull \hbox (83.36235pt too wide) has occurred while \output is active
\TU/lmr/m/sl/10 6.4.  SPATIAL ANALYSIS IN EPIDEMIOLOGY: KERNEL ESTIMATION OF AR
EAL DATA \TU/lmr/m/n/10 175
 []

[175]
File: images/note.png Graphic file (type bmp)
<images/note.png>
[176]
Underfull \hbox (badness 1708) in paragraph at lines 5300--5302
[]\TU/lmr/m/n/10 We can then compare our |   []   |   []   |   [] of the
 []


! LaTeX Error: \begin{itemize} on input line 5288 ended by \end{rmdblock}.

See the LaTeX manual or LaTeX Companion for explanation.
Type  H <return>  for immediate help.
 ...                                              
                                                  
l.5303   \end{rmdnote}
                       
Here is how much of TeX's memory you used:
 24584 strings out of 479466
 462108 string characters out of 5880416
 1362176 words of memory out of 5000000
 43505 multiletter control sequences out of 15000+600000
 541789 words of font info for 101 fonts, out of 8000000 for 9000
 14 hyphenation exceptions out of 8191
 84i,17n,118p,1163b,2170s stack positions out of 5000i,500n,10000p,200000b,80000s

Output written on EPI563-SpatialEPI.pdf (176 pages).
